Using pip 25.2 from /root/.virtualenvs/lmy_triton_dis/lib/python3.10/site-packages/pip (python 3.10)
Looking in indexes: https://pypi.tuna.tsinghua.edu.cn/simple/
Obtaining file:///root/paddlejob/workspace/env_run/output/liumengyuan/code/Triton-distributed/python
  Checking if build backend supports build_editable: started
  Running command Checking if build backend supports build_editable
  Checking if build backend supports build_editable: finished with status 'done'
  Preparing editable metadata (pyproject.toml): started
  Running command Preparing editable metadata (pyproject.toml)
  /root/.virtualenvs/lmy_triton_dis/lib/python3.10/site-packages/setuptools/_distutils/dist.py:289: UserWarning: Unknown distribution option: 'test_suite'
    warnings.warn(msg)
  /root/.virtualenvs/lmy_triton_dis/lib/python3.10/site-packages/setuptools/dist.py:759: SetuptoolsDeprecationWarning: License classifiers are deprecated.
  !!

          ********************************************************************************
          Please consider removing the following classifiers in favor of a SPDX license expression:

          License :: OSI Approved :: MIT License

          See https://packaging.python.org/en/latest/guides/writing-pyproject-toml/#license for details.
          ********************************************************************************

  !!
    self._finalize_license_expression()
  copy /root/.triton/nvidia/nvcc/cuda_nvcc-linux-x86_64-12.8.93-archive/bin/ptxas to /root/paddlejob/workspace/env_run/output/liumengyuan/code/Triton-distributed/python/../3rdparty/triton/third_party/nvidia/backend/bin/ptxas ...
  copy /root/.triton/nvidia/cuobjdump/cuda_cuobjdump-linux-x86_64-12.8.55-archive/bin/cuobjdump to /root/paddlejob/workspace/env_run/output/liumengyuan/code/Triton-distributed/python/../3rdparty/triton/third_party/nvidia/backend/bin/cuobjdump ...
  copy /root/.triton/nvidia/nvdisasm/cuda_nvdisasm-linux-x86_64-12.8.55-archive/bin/nvdisasm to /root/paddlejob/workspace/env_run/output/liumengyuan/code/Triton-distributed/python/../3rdparty/triton/third_party/nvidia/backend/bin/nvdisasm ...
  copy /root/.triton/nvidia/nvcc/cuda_nvcc-linux-x86_64-12.8.93-archive/bin/nvlink to /root/paddlejob/workspace/env_run/output/liumengyuan/code/Triton-distributed/python/../3rdparty/triton/third_party/nvidia/backend/bin/nvlink ...
  copy /root/.triton/nvidia/nvcc/cuda_nvcc-linux-x86_64-12.8.61-archive/include to /root/paddlejob/workspace/env_run/output/liumengyuan/code/Triton-distributed/python/../3rdparty/triton/third_party/nvidia/backend/include ...
  copy /root/.triton/nvidia/cudart/cuda_cudart-linux-x86_64-12.8.57-archive/include to /root/paddlejob/workspace/env_run/output/liumengyuan/code/Triton-distributed/python/../3rdparty/triton/third_party/nvidia/backend/include ...
  copy /root/.triton/nvidia/cupti/cuda_cupti-linux-x86_64-12.8.90-archive/include to /root/paddlejob/workspace/env_run/output/liumengyuan/code/Triton-distributed/python/../3rdparty/triton/third_party/nvidia/backend/include ...
  copy /root/.triton/nvidia/cupti/cuda_cupti-linux-x86_64-12.8.90-archive/lib to /root/paddlejob/workspace/env_run/output/liumengyuan/code/Triton-distributed/python/../3rdparty/triton/third_party/nvidia/backend/lib/cupti ...
  running dist_info
  creating symlink: /root/paddlejob/workspace/env_run/output/liumengyuan/code/Triton-distributed/python/../3rdparty/triton/python/triton/tools/extra/cuda -> /root/paddlejob/workspace/env_run/output/liumengyuan/code/Triton-distributed/3rdparty/triton/third_party/nvidia/tools/cuda
  creating symlink: /root/paddlejob/workspace/env_run/output/liumengyuan/code/Triton-distributed/python/../3rdparty/triton/python/triton/profiler -> /root/paddlejob/workspace/env_run/output/liumengyuan/code/Triton-distributed/3rdparty/triton/third_party/proton/proton
  creating symlink: /root/paddlejob/workspace/env_run/output/liumengyuan/code/Triton-distributed/python/triton_dist/_C/libtriton_distributed.so -> /root/paddlejob/workspace/env_run/output/liumengyuan/code/Triton-distributed/3rdparty/triton/python/triton/_C/libtriton_distributed.so
  creating symlink: /root/paddlejob/workspace/env_run/output/liumengyuan/code/Triton-distributed/python/triton_dist/_C/libtriton_distributed_kernel.so -> /root/paddlejob/workspace/env_run/output/liumengyuan/code/Triton-distributed/3rdparty/triton/python/triton/_C/libtriton_distributed_kernel.so
  creating symlink: /root/paddlejob/workspace/env_run/output/liumengyuan/code/Triton-distributed/python/triton -> /root/paddlejob/workspace/env_run/output/liumengyuan/code/Triton-distributed/3rdparty/triton/python/triton
  creating /tmp/pip-modern-metadata-7ety83_t/triton_dist.egg-info
  writing /tmp/pip-modern-metadata-7ety83_t/triton_dist.egg-info/PKG-INFO
  writing dependency_links to /tmp/pip-modern-metadata-7ety83_t/triton_dist.egg-info/dependency_links.txt
  writing entry points to /tmp/pip-modern-metadata-7ety83_t/triton_dist.egg-info/entry_points.txt
  writing requirements to /tmp/pip-modern-metadata-7ety83_t/triton_dist.egg-info/requires.txt
  writing top-level names to /tmp/pip-modern-metadata-7ety83_t/triton_dist.egg-info/top_level.txt
  writing manifest file '/tmp/pip-modern-metadata-7ety83_t/triton_dist.egg-info/SOURCES.txt'
  reading manifest file '/tmp/pip-modern-metadata-7ety83_t/triton_dist.egg-info/SOURCES.txt'
  writing manifest file '/tmp/pip-modern-metadata-7ety83_t/triton_dist.egg-info/SOURCES.txt'
  creating '/tmp/pip-modern-metadata-7ety83_t/triton_dist-3.4.0.dist-info'
  Preparing editable metadata (pyproject.toml): finished with status 'done'
Requirement already satisfied: setuptools>=40.8.0 in /root/.virtualenvs/lmy_triton_dis/lib/python3.10/site-packages (from triton_dist==3.4.0) (80.9.0)
Building wheels for collected packages: triton_dist
  Building editable for triton_dist (pyproject.toml): started
  Running command Building editable for triton_dist (pyproject.toml)
  /root/.virtualenvs/lmy_triton_dis/lib/python3.10/site-packages/setuptools/_distutils/dist.py:289: UserWarning: Unknown distribution option: 'test_suite'
    warnings.warn(msg)
  /root/.virtualenvs/lmy_triton_dis/lib/python3.10/site-packages/setuptools/dist.py:759: SetuptoolsDeprecationWarning: License classifiers are deprecated.
  !!

          ********************************************************************************
          Please consider removing the following classifiers in favor of a SPDX license expression:

          License :: OSI Approved :: MIT License

          See https://packaging.python.org/en/latest/guides/writing-pyproject-toml/#license for details.
          ********************************************************************************

  !!
    self._finalize_license_expression()
  copy /root/.triton/nvidia/nvcc/cuda_nvcc-linux-x86_64-12.8.93-archive/bin/ptxas to /root/paddlejob/workspace/env_run/output/liumengyuan/code/Triton-distributed/python/../3rdparty/triton/third_party/nvidia/backend/bin/ptxas ...
  copy /root/.triton/nvidia/cuobjdump/cuda_cuobjdump-linux-x86_64-12.8.55-archive/bin/cuobjdump to /root/paddlejob/workspace/env_run/output/liumengyuan/code/Triton-distributed/python/../3rdparty/triton/third_party/nvidia/backend/bin/cuobjdump ...
  copy /root/.triton/nvidia/nvdisasm/cuda_nvdisasm-linux-x86_64-12.8.55-archive/bin/nvdisasm to /root/paddlejob/workspace/env_run/output/liumengyuan/code/Triton-distributed/python/../3rdparty/triton/third_party/nvidia/backend/bin/nvdisasm ...
  copy /root/.triton/nvidia/nvcc/cuda_nvcc-linux-x86_64-12.8.93-archive/bin/nvlink to /root/paddlejob/workspace/env_run/output/liumengyuan/code/Triton-distributed/python/../3rdparty/triton/third_party/nvidia/backend/bin/nvlink ...
  copy /root/.triton/nvidia/nvcc/cuda_nvcc-linux-x86_64-12.8.61-archive/include to /root/paddlejob/workspace/env_run/output/liumengyuan/code/Triton-distributed/python/../3rdparty/triton/third_party/nvidia/backend/include ...
  copy /root/.triton/nvidia/cudart/cuda_cudart-linux-x86_64-12.8.57-archive/include to /root/paddlejob/workspace/env_run/output/liumengyuan/code/Triton-distributed/python/../3rdparty/triton/third_party/nvidia/backend/include ...
  copy /root/.triton/nvidia/cupti/cuda_cupti-linux-x86_64-12.8.90-archive/include to /root/paddlejob/workspace/env_run/output/liumengyuan/code/Triton-distributed/python/../3rdparty/triton/third_party/nvidia/backend/include ...
  copy /root/.triton/nvidia/cupti/cuda_cupti-linux-x86_64-12.8.90-archive/lib to /root/paddlejob/workspace/env_run/output/liumengyuan/code/Triton-distributed/python/../3rdparty/triton/third_party/nvidia/backend/lib/cupti ...
  running editable_wheel
  creating symlink: /root/paddlejob/workspace/env_run/output/liumengyuan/code/Triton-distributed/python/../3rdparty/triton/python/triton/tools/extra/cuda -> /root/paddlejob/workspace/env_run/output/liumengyuan/code/Triton-distributed/3rdparty/triton/third_party/nvidia/tools/cuda
  creating symlink: /root/paddlejob/workspace/env_run/output/liumengyuan/code/Triton-distributed/python/../3rdparty/triton/python/triton/profiler -> /root/paddlejob/workspace/env_run/output/liumengyuan/code/Triton-distributed/3rdparty/triton/third_party/proton/proton
  creating symlink: /root/paddlejob/workspace/env_run/output/liumengyuan/code/Triton-distributed/python/triton_dist/_C/libtriton_distributed.so -> /root/paddlejob/workspace/env_run/output/liumengyuan/code/Triton-distributed/3rdparty/triton/python/triton/_C/libtriton_distributed.so
  creating symlink: /root/paddlejob/workspace/env_run/output/liumengyuan/code/Triton-distributed/python/triton_dist/_C/libtriton_distributed_kernel.so -> /root/paddlejob/workspace/env_run/output/liumengyuan/code/Triton-distributed/3rdparty/triton/python/triton/_C/libtriton_distributed_kernel.so
  creating symlink: /root/paddlejob/workspace/env_run/output/liumengyuan/code/Triton-distributed/python/triton -> /root/paddlejob/workspace/env_run/output/liumengyuan/code/Triton-distributed/3rdparty/triton/python/triton
  creating symlink: /root/paddlejob/workspace/env_run/output/liumengyuan/code/Triton-distributed/python/../3rdparty/triton/python/triton/tools/extra/cuda -> /root/paddlejob/workspace/env_run/output/liumengyuan/code/Triton-distributed/3rdparty/triton/third_party/nvidia/tools/cuda
  creating symlink: /root/paddlejob/workspace/env_run/output/liumengyuan/code/Triton-distributed/python/../3rdparty/triton/python/triton/profiler -> /root/paddlejob/workspace/env_run/output/liumengyuan/code/Triton-distributed/3rdparty/triton/third_party/proton/proton
  creating symlink: /root/paddlejob/workspace/env_run/output/liumengyuan/code/Triton-distributed/python/triton_dist/_C/libtriton_distributed.so -> /root/paddlejob/workspace/env_run/output/liumengyuan/code/Triton-distributed/3rdparty/triton/python/triton/_C/libtriton_distributed.so
  creating symlink: /root/paddlejob/workspace/env_run/output/liumengyuan/code/Triton-distributed/python/triton_dist/_C/libtriton_distributed_kernel.so -> /root/paddlejob/workspace/env_run/output/liumengyuan/code/Triton-distributed/3rdparty/triton/python/triton/_C/libtriton_distributed_kernel.so
  creating symlink: /root/paddlejob/workspace/env_run/output/liumengyuan/code/Triton-distributed/python/triton -> /root/paddlejob/workspace/env_run/output/liumengyuan/code/Triton-distributed/3rdparty/triton/python/triton
  creating /tmp/pip-wheel-a1sfddfv/.tmp-xs4bzurx/triton_dist.egg-info
  writing /tmp/pip-wheel-a1sfddfv/.tmp-xs4bzurx/triton_dist.egg-info/PKG-INFO
  writing dependency_links to /tmp/pip-wheel-a1sfddfv/.tmp-xs4bzurx/triton_dist.egg-info/dependency_links.txt
  writing entry points to /tmp/pip-wheel-a1sfddfv/.tmp-xs4bzurx/triton_dist.egg-info/entry_points.txt
  writing requirements to /tmp/pip-wheel-a1sfddfv/.tmp-xs4bzurx/triton_dist.egg-info/requires.txt
  writing top-level names to /tmp/pip-wheel-a1sfddfv/.tmp-xs4bzurx/triton_dist.egg-info/top_level.txt
  writing manifest file '/tmp/pip-wheel-a1sfddfv/.tmp-xs4bzurx/triton_dist.egg-info/SOURCES.txt'
  reading manifest file '/tmp/pip-wheel-a1sfddfv/.tmp-xs4bzurx/triton_dist.egg-info/SOURCES.txt'
  writing manifest file '/tmp/pip-wheel-a1sfddfv/.tmp-xs4bzurx/triton_dist.egg-info/SOURCES.txt'
  creating '/tmp/pip-wheel-a1sfddfv/.tmp-xs4bzurx/triton_dist-3.4.0.dist-info'
  creating /tmp/pip-wheel-a1sfddfv/.tmp-xs4bzurx/triton_dist-3.4.0.dist-info/WHEEL
  running build_py
  creating symlink: /root/paddlejob/workspace/env_run/output/liumengyuan/code/Triton-distributed/python/../3rdparty/triton/python/triton/tools/extra/cuda -> /root/paddlejob/workspace/env_run/output/liumengyuan/code/Triton-distributed/3rdparty/triton/third_party/nvidia/tools/cuda
  creating symlink: /root/paddlejob/workspace/env_run/output/liumengyuan/code/Triton-distributed/python/../3rdparty/triton/python/triton/profiler -> /root/paddlejob/workspace/env_run/output/liumengyuan/code/Triton-distributed/3rdparty/triton/third_party/proton/proton
  creating symlink: /root/paddlejob/workspace/env_run/output/liumengyuan/code/Triton-distributed/python/triton_dist/_C/libtriton_distributed.so -> /root/paddlejob/workspace/env_run/output/liumengyuan/code/Triton-distributed/3rdparty/triton/python/triton/_C/libtriton_distributed.so
  creating symlink: /root/paddlejob/workspace/env_run/output/liumengyuan/code/Triton-distributed/python/triton_dist/_C/libtriton_distributed_kernel.so -> /root/paddlejob/workspace/env_run/output/liumengyuan/code/Triton-distributed/3rdparty/triton/python/triton/_C/libtriton_distributed_kernel.so
  creating symlink: /root/paddlejob/workspace/env_run/output/liumengyuan/code/Triton-distributed/python/triton -> /root/paddlejob/workspace/env_run/output/liumengyuan/code/Triton-distributed/3rdparty/triton/python/triton
  running build_ext
  creating symlink: /root/paddlejob/workspace/env_run/output/liumengyuan/code/Triton-distributed/python/../3rdparty/triton/python/triton/tools/extra/cuda -> /root/paddlejob/workspace/env_run/output/liumengyuan/code/Triton-distributed/3rdparty/triton/third_party/nvidia/tools/cuda
  creating symlink: /root/paddlejob/workspace/env_run/output/liumengyuan/code/Triton-distributed/python/../3rdparty/triton/python/triton/profiler -> /root/paddlejob/workspace/env_run/output/liumengyuan/code/Triton-distributed/3rdparty/triton/third_party/proton/proton
  creating symlink: /root/paddlejob/workspace/env_run/output/liumengyuan/code/Triton-distributed/python/triton_dist/_C/libtriton_distributed.so -> /root/paddlejob/workspace/env_run/output/liumengyuan/code/Triton-distributed/3rdparty/triton/python/triton/_C/libtriton_distributed.so
  creating symlink: /root/paddlejob/workspace/env_run/output/liumengyuan/code/Triton-distributed/python/triton_dist/_C/libtriton_distributed_kernel.so -> /root/paddlejob/workspace/env_run/output/liumengyuan/code/Triton-distributed/3rdparty/triton/python/triton/_C/libtriton_distributed_kernel.so
  creating symlink: /root/paddlejob/workspace/env_run/output/liumengyuan/code/Triton-distributed/python/triton -> /root/paddlejob/workspace/env_run/output/liumengyuan/code/Triton-distributed/3rdparty/triton/python/triton
  creating symlink: /root/.triton/llvm/llvm-ubuntu-x64 -> /root/.triton/llvm/llvm-8957e64a-ubuntu-x64
  CMake Deprecation Warning at CMakeLists.txt:6 (cmake_policy):
    The OLD behavior for policy CMP0116 will be removed from a future version
    of CMake.

    The cmake-policies(7) manual explains that the OLD behaviors of all
    policies are deprecated and that a policy should be set to OLD only under
    specific short-term circumstances.  Projects should be ported to the NEW
    behavior and not rely on setting a policy to OLD.


  -- Adding Python module for TritonDistributed
  -- Adding Python module
  -- Found Python3: /root/.virtualenvs/lmy_triton_dis/bin/python (found version "3.10.17") found components: Development.Module Interpreter
  -- Found pybind11: /root/.virtualenvs/lmy_triton_dis/lib/python3.10/site-packages/pybind11/include (found version "3.0.0")
  -- Found Python3: /root/.virtualenvs/lmy_triton_dis/bin/python (found version "3.10.17") found components: Interpreter Development.Module
  -- Collecting object files from Proton
  -- Collecting object files from ProtonContext
  -- Collecting object files from ProtonData
  -- Collecting object files from ProtonDriver
  -- Collecting object files from ProtonProfiler
  -- Collecting object files from ProtonSession
  -- CUDA compiler detected, setting project language to CUDA.
  -- Found Python3: /root/.virtualenvs/lmy_triton_dis/bin/python (found version "3.10.17") found components: Development.Module Interpreter
  -- Found Python3: /root/.virtualenvs/lmy_triton_dis/bin/python (found version "3.10.17") found components: Interpreter Development Development.Module Development.Embed
  CMake Warning (dev) at csrc/lib/CMakeLists.txt:9 (find_package):
    Policy CMP0146 is not set: The FindCUDA module is removed.  Run "cmake
    --help-policy CMP0146" for policy details.  Use the cmake_policy command to
    set the policy and suppress this warning.

  This warning is for project developers.  Use -Wno-dev to suppress it.

  -- Found CUDAToolkit: /usr/local/cuda/targets/x86_64-linux/include (found version "12.9.41")
  -- Found CUDAToolkit: /usr/local/cuda/include (found version "12.9.41")
  -- Caffe2: CUDA detected: 12.9
  -- Caffe2: CUDA nvcc is: /usr/local/cuda/bin/nvcc
  -- Caffe2: CUDA toolkit directory: /usr/local/cuda
  -- Caffe2: Header version is: 12.9
  -- /usr/local/cuda-12.9/targets/x86_64-linux/lib/libnvrtc.so shorthash is b0064dcb
  -- USE_CUDNN is set to 0. Compiling without cuDNN support
  -- USE_CUSPARSELT is set to 0. Compiling without cuSPARSELt support
  -- Autodetected CUDA architecture(s):  9.0a 9.0a 9.0a 9.0a 9.0a 9.0a 9.0a 9.0a
  -- Added CUDA NVCC flags for: -gencode;arch=compute_90a,code=sm_90a
  CMake Warning at /root/.virtualenvs/lmy_triton_dis/lib/python3.10/site-packages/torch/share/cmake/Torch/TorchConfig.cmake:22 (message):
    static library kineto_LIBRARY-NOTFOUND not found.
  Call Stack (most recent call first):
    /root/.virtualenvs/lmy_triton_dis/lib/python3.10/site-packages/torch/share/cmake/Torch/TorchConfig.cmake:120 (append_torchlib_if_found)
    csrc/lib/CMakeLists.txt:26 (find_package)


  -- torch lib: /root/.virtualenvs/lmy_triton_dis/lib/python3.10/site-packages/torch/lib
  -- cu files: /root/paddlejob/workspace/env_run/output/liumengyuan/code/Triton-distributed/csrc/lib/moe_utils.cu
  -- lib files: /root/paddlejob/workspace/env_run/output/liumengyuan/code/Triton-distributed/csrc/lib/op_pybind.cc;/root/paddlejob/workspace/env_run/output/liumengyuan/code/Triton-distributed/csrc/lib/registry.cc
  -- triton AoT pybind files:
  CMake Warning at csrc/CMakeLists.txt:80 (message):
    No object libraries were defined in 'DISTRIBUTED_LIBS'!


  -- Triton backends tuple: nvidia,amd,proton,distributed
  -- Configuring done (3.7s)
  -- Generating done (0.8s)
  -- Build files have been written to: /root/paddlejob/workspace/env_run/output/liumengyuan/code/Triton-distributed/python/build/cmake.linux-x86_64-cpython-3.10
  [1/391] Building Passes.h.inc...
  [2/391] Building Passes.h.inc...
  [3/391] Building AttrInterfaces.cpp.inc...
  [4/391] Building AttrInterfaces.h.inc...
  [5/391] Building Dialect.cpp.inc...
  [6/391] Building Dialect.h.inc...
  [7/391] Building OpInterfaces.cpp.inc...
  [8/391] Building OpInterfaces.h.inc...
  [9/391] Building OpsEnums.cpp.inc...
  [10/391] Building OpsEnums.h.inc...
  [11/391] Building Types.cpp.inc...
  [12/391] Building Types.h.inc...
  [13/391] Building Passes.h.inc...
  [14/391] Building Dialect.cpp.inc...
  [15/391] Building Dialect.h.inc...
  [16/391] Building Passes.h.inc...
  [17/391] Building Passes.h.inc...
  [18/391] Building Passes.h.inc...
  [19/391] Building Passes.h.inc...
  [20/391] Building Passes.h.inc...
  [21/391] Building Passes.h.inc...
  [22/391] Building Passes.h.inc...
  [23/391] Building Passes.h.inc...
  [24/391] Building Passes.h.inc...
  [25/391] Building Passes.h.inc...
  [26/391] Building Ops.cpp.inc...
  [27/391] Building Ops.h.inc...
  [28/391] Building Ops.cpp.inc...
  [29/391] Building Ops.h.inc...
  [30/391] Building Types.cpp.inc...
  [31/391] Building Types.h.inc...
  [32/391] Building Dialect.cpp.inc...
  [33/391] Building Dialect.h.inc...
  [34/391] Building Ops.cpp.inc...
  [35/391] Building Ops.h.inc...
  [36/391] Building TritonCanonicalize.inc...
  [37/391] Building TritonCombine.inc...
  [38/391] Building CXX object 3rdparty/triton/lib/Tools/CMakeFiles/TritonTools.dir/GenericSwizzling.cpp.o
  [39/391] Building CXX object 3rdparty/triton/lib/Tools/CMakeFiles/TritonTools.dir/LayoutUtils.cpp.o
  [40/391] Building CXX object 3rdparty/triton/lib/Tools/CMakeFiles/TritonTools.dir/LinearLayout.cpp.o
  [41/391] Building Dialect.cpp.inc...
  [42/391] Building Dialect.h.inc...
  [43/391] Building Ops.cpp.inc...
  [44/391] Building Ops.h.inc...
  [45/391] Building OpsConversions.inc...
  [46/391] Building Dialect.cpp.inc...
  [47/391] Building Dialect.h.inc...
  [48/391] Building Ops.cpp.inc...
  [49/391] Building Ops.h.inc...
  [50/391] Building OpsConversions.inc...
  [51/391] Building Dialect.cpp.inc...
  [52/391] Building Dialect.h.inc...
  [53/391] Building Ops.cpp.inc...
  [54/391] Building Ops.h.inc...
  [55/391] Building OpsConversions.inc...
  [56/391] Building OpsEnums.cpp.inc...
  [57/391] Building OpsEnums.h.inc...
  [58/391] Building Dialect.cpp.inc...
  [59/391] Building Dialect.h.inc...
  [60/391] Building Ops.cpp.inc...
  [61/391] Building Ops.h.inc...
  [62/391] Building Types.cpp.inc...
  [63/391] Building Types.h.inc...
  [64/391] Building Dialect.cpp.inc...
  [65/391] Building Dialect.h.inc...
  [66/391] Building Ops.cpp.inc...
  [67/391] Building Ops.h.inc...
  [68/391] Building Passes.h.inc...
  [69/391] Building CXX object 3rdparty/triton/third_party/proton/csrc/lib/Context/CMakeFiles/ProtonContext.dir/Context.cpp.o
  [70/391] Building CXX object 3rdparty/triton/third_party/proton/csrc/lib/Context/CMakeFiles/ProtonContext.dir/Shadow.cpp.o
  [71/391] Building CXX object 3rdparty/triton/third_party/proton/csrc/lib/Data/CMakeFiles/ProtonData.dir/Data.cpp.o
  [72/391] Building CXX object 3rdparty/triton/third_party/proton/csrc/lib/Data/CMakeFiles/ProtonData.dir/TraceData.cpp.o
  [73/391] Building CXX object 3rdparty/triton/third_party/proton/csrc/lib/Driver/CMakeFiles/ProtonDriver.dir/Device.cpp.o
  [74/391] Building CXX object 3rdparty/triton/third_party/proton/csrc/lib/Driver/CMakeFiles/ProtonDriver.dir/GPU/CudaApi.cpp.o
  [75/391] Building CXX object 3rdparty/triton/third_party/proton/csrc/lib/Driver/CMakeFiles/ProtonDriver.dir/GPU/CuptiApi.cpp.o
  [76/391] Building CXX object 3rdparty/triton/third_party/proton/csrc/lib/Driver/CMakeFiles/ProtonDriver.dir/GPU/HipApi.cpp.o
  [77/391] Building CXX object 3rdparty/triton/third_party/proton/csrc/lib/Driver/CMakeFiles/ProtonDriver.dir/GPU/HsaApi.cpp.o
  [78/391] Building CXX object 3rdparty/triton/third_party/proton/csrc/lib/Driver/CMakeFiles/ProtonDriver.dir/GPU/RoctracerApi.cpp.o
  [79/391] Building CXX object 3rdparty/triton/third_party/proton/csrc/lib/Profiler/CMakeFiles/ProtonProfiler.dir/Cupti/CuptiPCSampling.cpp.o
  [80/391] Building CXX object 3rdparty/triton/third_party/proton/csrc/lib/Profiler/CMakeFiles/ProtonProfiler.dir/RocTracer/RoctracerProfiler.cpp.o
  [81/391] Building CXX object 3rdparty/triton/third_party/proton/csrc/lib/Session/CMakeFiles/ProtonSession.dir/Session.cpp.o
  [82/391] Building Dialect.cpp.inc...
  [83/391] Building Ops.cpp.inc...
  [84/391] Building Ops.h.inc...
  [85/391] Building OpsConversions.inc...
  [86/391] Building OpsEnums.cpp.inc...
  [87/391] Building OpsEnums.h.inc...
  [88/391] Building CXX object 3rdparty/triton/third_party/f2reduce/CMakeFiles/f2reduce.dir/f2reduce.cpp.o
  [89/391] Building CXX object 3rdparty/triton/lib/Instrumentation/CMakeFiles/PrintLoadStoreMemSpaces.dir/PrintLoadStoreMemSpaces.cpp.o
  [90/391] Building OpsConversions.inc...
  [91/391] Building CXX object 3rdparty/triton/third_party/proton/csrc/CMakeFiles/Proton.dir/Proton.cpp.o
  [92/391] Building CXX object 3rdparty/triton/third_party/proton/csrc/lib/Context/CMakeFiles/ProtonContext.dir/Python.cpp.o
  [93/391] Building CXX object 3rdparty/triton/third_party/proton/csrc/lib/Data/CMakeFiles/ProtonData.dir/TreeData.cpp.o
  [94/391] Building CXX object 3rdparty/triton/third_party/proton/csrc/lib/Profiler/CMakeFiles/ProtonProfiler.dir/Cupti/CuptiProfiler.cpp.o
  [95/391] Building Dialect.h.inc...
  [96/391] Building CXX object 3rdparty/triton/test/lib/Instrumentation/CMakeFiles/GPUInstrumentationTestLib.dir/GPUHello.cpp.o
  [97/391] Building CXX object 3rdparty/triton/unittest/Dialect/TritonGPU/CMakeFiles/TestSwizzling.dir/SwizzleTest.cpp.o
  [98/391] Building CXX object 3rdparty/triton/unittest/Tools/CMakeFiles/LinearLayout.dir/LayoutUtilsTest.cpp.o
  [99/391] Building CXX object 3rdparty/triton/unittest/Tools/CMakeFiles/LinearLayout.dir/LinearLayoutTest.cpp.o
  [100/391] Building AttrDefs.cpp.inc...
  [101/391] Building AttrDefs.h.inc...
  [102/391] Building AttrInterfaces.cpp.inc...
  [103/391] Building AttrInterfaces.h.inc...
  [104/391] Building OpsEnums.cpp.inc...
  [105/391] Building OpsEnums.h.inc...
  [106/391] Building OpsEnums.cpp.inc...
  [107/391] Building OpsEnums.h.inc...
  [108/391] Building TritonNvidiaGPUAttrDefs.cpp.inc...
  [109/391] Building TritonNvidiaGPUAttrDefs.h.inc...
  [110/391] Building CXX object 3rdparty/triton/lib/Dialect/Triton/IR/CMakeFiles/TritonIR.dir/OpInterfaces.cpp.o
  [111/391] Building DistributedAttrDefs.cpp.inc...
  [112/391] Building DistributedAttrDefs.h.inc...
  [113/391] Building DistributedEnums.cpp.inc...
  [114/391] Building DistributedEnums.h.inc...
  [115/391] Building SIMTAttrDefs.cpp.inc...
  [116/391] Building SIMTAttrDefs.h.inc...
  [117/391] Building SIMTEnums.cpp.inc...
  [118/391] Building SIMTEnums.h.inc...
  [119/391] Building CXX object 3rdparty/triton/lib/Dialect/Triton/IR/CMakeFiles/TritonIR.dir/DiscardableAttributes.cpp.o
  [120/391] Building CXX object 3rdparty/triton/lib/Dialect/Triton/IR/CMakeFiles/TritonIR.dir/Traits.cpp.o
  [121/391] Building CXX object 3rdparty/triton/lib/Dialect/Triton/IR/CMakeFiles/TritonIR.dir/Types.cpp.o
  [122/391] Building CXX object 3rdparty/triton/lib/Dialect/Triton/IR/CMakeFiles/TritonIR.dir/Utility.cpp.o
  [123/391] Building CXX object 3rdparty/triton/lib/Dialect/Triton/Transforms/CMakeFiles/TritonTransforms.dir/Combine.cpp.o
  [124/391] Building CXX object 3rdparty/triton/lib/Dialect/Triton/Transforms/CMakeFiles/TritonTransforms.dir/LoopAwareCSE.cpp.o
  [125/391] Building CXX object 3rdparty/triton/lib/Dialect/Triton/Transforms/CMakeFiles/TritonTransforms.dir/LoopInvariantCodeMotion.cpp.o
  [126/391] Building CXX object 3rdparty/triton/lib/Dialect/Triton/Transforms/CMakeFiles/TritonTransforms.dir/LoopPeeling.cpp.o
  [127/391] Building CXX object 3rdparty/triton/lib/Dialect/Triton/Transforms/CMakeFiles/TritonTransforms.dir/LoopUnroll.cpp.o
  [128/391] Building CXX object 3rdparty/triton/lib/Dialect/Triton/Transforms/CMakeFiles/TritonTransforms.dir/ReorderBroadcast.cpp.o
  [129/391] Building CXX object 3rdparty/triton/lib/Dialect/Triton/Transforms/CMakeFiles/TritonTransforms.dir/RewriteTensorPointer.cpp.o
  [130/391] Building CXX object 3rdparty/triton/lib/Dialect/Triton/Transforms/CMakeFiles/TritonTransforms.dir/ArithTypeConversion.cpp.o
  [131/391] Building CXX object 3rdparty/triton/lib/Dialect/Triton/Transforms/CMakeFiles/TritonTransforms.dir/FunctionTypeConversion.cpp.o
  [132/391] Building CXX object 3rdparty/triton/test/lib/Dialect/CMakeFiles/obj.TritonTestDialect.dir/TestLoopPeeling.cpp.o
  [133/391] Building NVGPUAttrDefs.cpp.inc...
  [134/391] Building NVGPUAttrDefs.h.inc...
  [135/391] Building NVWSAttrDefs.cpp.inc...
  [136/391] Building NVWSAttrDefs.h.inc...
  [137/391] Building NVWSAttrEnums.cpp.inc...
  [138/391] Building NVWSAttrEnums.h.inc...
  [139/391] Building TritonAMDGPUAttrDefs.cpp.inc...
  [140/391] Building TritonAMDGPUAttrDefs.h.inc...
  [141/391] Building TritonAMDGPUEnums.cpp.inc...
  [142/391] Building TritonAMDGPUEnums.h.inc...
  [143/391] Building ProtonAttrDefs.cpp.inc...
  [144/391] Building ProtonAttrDefs.h.inc...
  [145/391] Building CXX object 3rdparty/triton/lib/Dialect/Triton/Transforms/CMakeFiles/TritonTransforms.dir/RewriteTensorDescriptorToPointer.cpp.o
  [146/391] Building TypeInterfaces.cpp.inc...
  [147/391] Building TypeInterfaces.h.inc...
  [148/391] Building TritonNvidiaGPUOpInterfaces.cpp.inc...
  [149/391] Building TritonNvidiaGPUOpInterfaces.h.inc...
  [150/391] Building CXX object 3rdparty/triton/lib/Dialect/Triton/IR/CMakeFiles/TritonIR.dir/Dialect.cpp.o
  [151/391] Building CXX object 3rdparty/triton/lib/Dialect/Triton/IR/CMakeFiles/TritonIR.dir/Ops.cpp.o
  [152/391] Building CXX object 3rdparty/triton/third_party/nvidia/lib/Dialect/NVGPU/IR/CMakeFiles/NVGPUIR.dir/Dialect.cpp.o
  [153/391] Building CXX object 3rdparty/triton/lib/Conversion/TritonToTritonGPU/CMakeFiles/TritonToTritonGPU.dir/TritonGPUConversion.cpp.o
  [154/391] Building CXX object 3rdparty/triton/lib/Dialect/TritonGPU/IR/CMakeFiles/TritonGPUIR.dir/LinearLayoutConversions.cpp.o
  [155/391] Building CXX object 3rdparty/triton/lib/Dialect/TritonGPU/IR/CMakeFiles/TritonGPUIR.dir/LayoutUtility.cpp.o
  [156/391] Building CXX object 3rdparty/triton/lib/Dialect/TritonGPU/IR/CMakeFiles/TritonGPUIR.dir/Types.cpp.o
  [157/391] Building CXX object lib/Dialect/Distributed/IR/CMakeFiles/DistributedIR.dir/Dialect.cpp.o
  [158/391] Building CXX object lib/Dialect/Distributed/IR/CMakeFiles/DistributedIR.dir/Ops.cpp.o
  [159/391] Building CXX object lib/Dialect/SIMT/IR/CMakeFiles/SIMTIR.dir/Dialect.cpp.o
  [160/391] Building CXX object lib/Dialect/SIMT/IR/CMakeFiles/SIMTIR.dir/Ops.cpp.o
  [161/391] Building CXX object 3rdparty/triton/third_party/nvidia/lib/Dialect/NVWS/IR/CMakeFiles/NVWSIR.dir/Dialect.cpp.o
  [162/391] Building CXX object 3rdparty/triton/third_party/nvidia/lib/Dialect/NVWS/IR/CMakeFiles/NVWSIR.dir/Ops.cpp.o
  [163/391] Building CXX object 3rdparty/triton/third_party/nvidia/hopper/lib/Transforms/CMakeFiles/NVHopperTransforms.dir/WarpSpecialization.cpp.o
  [164/391] Building CXX object 3rdparty/triton/third_party/nvidia/hopper/lib/Transforms/CMakeFiles/NVHopperTransforms.dir/WarpSpecialization/TaskIdPropagation.cpp.o
  [165/391] Building CXX object 3rdparty/triton/third_party/nvidia/hopper/lib/Transforms/CMakeFiles/NVHopperTransforms.dir/WarpSpecialization/Utility.cpp.o
  [166/391] Building CXX object 3rdparty/triton/third_party/amd/lib/Analysis/CMakeFiles/TritonAMDAnalysis.dir/RangeAnalysis.cpp.o
  [167/391] Building CXX object 3rdparty/triton/third_party/amd/lib/Analysis/CMakeFiles/TritonAMDAnalysis.dir/AxisInfoExt.cpp.o
  [168/391] Building CXX object 3rdparty/triton/third_party/amd/lib/Dialect/TritonAMDGPU/Utility/CMakeFiles/TritonAMDUtils.dir/CommonUtils.cpp.o
  [169/391] Building CXX object 3rdparty/triton/third_party/amd/lib/TritonAMDGPUDialectToLLVM/CMakeFiles/TritonAMDGPUDialectToLLVM.dir/TritonAMDGPUToLLVMPatterns.cpp.o
  [170/391] Building CXX object 3rdparty/triton/third_party/amd/lib/TritonAMDGPUDialectToLLVM/CMakeFiles/TritonAMDGPUDialectToLLVM.dir/ExtractSliceOpToLLVM.cpp.o
  [171/391] Building CXX object 3rdparty/triton/third_party/amd/lib/TritonAMDGPUDialectToLLVM/CMakeFiles/TritonAMDGPUDialectToLLVM.dir/InThreadTransposeOpToTTG.cpp.o
  [172/391] Building CXX object 3rdparty/triton/third_party/amd/lib/TritonAMDGPUDialectToLLVM/CMakeFiles/TritonAMDGPUDialectToLLVM.dir/ConcatOpToLLVM.cpp.o
  [173/391] Building CXX object 3rdparty/triton/third_party/amd/lib/TritonAMDGPUTransforms/CMakeFiles/TritonAMDGPUTransforms.dir/CanonicalizePointers.cpp.o
  [174/391] Building CXX object 3rdparty/triton/third_party/amd/lib/TritonAMDGPUTransforms/CMakeFiles/TritonAMDGPUTransforms.dir/ConvertToBufferOps.cpp.o
  [175/391] Building CXX object 3rdparty/triton/third_party/amd/lib/TritonAMDGPUTransforms/CMakeFiles/TritonAMDGPUTransforms.dir/OptimizeEpilogue.cpp.o
  [176/391] Building CXX object 3rdparty/triton/third_party/amd/lib/TritonAMDGPUTransforms/CMakeFiles/TritonAMDGPUTransforms.dir/HoistLayoutConversions.cpp.o
  [177/391] Building CXX object 3rdparty/triton/third_party/amd/lib/TritonAMDGPUTransforms/CMakeFiles/TritonAMDGPUTransforms.dir/ReorderInstructions.cpp.o
  [178/391] Building CXX object 3rdparty/triton/third_party/amd/lib/TritonAMDGPUTransforms/CMakeFiles/TritonAMDGPUTransforms.dir/StreamPipeline.cpp.o
  [179/391] Building CXX object 3rdparty/triton/third_party/amd/lib/TritonAMDGPUTransforms/CMakeFiles/TritonAMDGPUTransforms.dir/MfmaGroup.cpp.o
  [180/391] Building CXX object 3rdparty/triton/third_party/amd/lib/TritonAMDGPUTransforms/CMakeFiles/TritonAMDGPUTransforms.dir/WmmaGroup.cpp.o
  [181/391] Building CXX object 3rdparty/triton/third_party/amd/lib/TritonAMDGPUTransforms/CMakeFiles/TritonAMDGPUTransforms.dir/Utility.cpp.o
  [182/391] Building CXX object 3rdparty/triton/third_party/amd/test/lib/Analysis/CMakeFiles/obj.TritonAMDGPUTestAnalysis.dir/TestAMDRangeAnalysis.cpp.o
  [183/391] Building CXX object 3rdparty/triton/third_party/amd/test/lib/Analysis/CMakeFiles/obj.TritonAMDGPUTestAnalysis.dir/TestAMDGPUMembar.cpp.o
  [184/391] Building CXX object 3rdparty/triton/third_party/amd/test/lib/Analysis/CMakeFiles/obj.TritonAMDGPUTestAnalysis.dir/TestAxisInfo.cpp.o
  [185/391] Building CXX object 3rdparty/triton/third_party/proton/dialect/lib/Dialect/Proton/IR/CMakeFiles/ProtonIR.dir/Dialect.cpp.o
  [186/391] Building CXX object 3rdparty/triton/third_party/proton/dialect/lib/Dialect/Proton/IR/CMakeFiles/ProtonIR.dir/Ops.cpp.o
  [187/391] Building CXX object 3rdparty/triton/third_party/proton/dialect/lib/TritonProtonToLLVM/CMakeFiles/TritonProtonToLLVM.dir/RecordOpToLLVM.cpp.o
  [188/391] Building CXX object CMakeFiles/triton.dir/3rdparty/triton/python/src/main.cc.o
  [189/391] Building CXX object CMakeFiles/triton.dir/3rdparty/triton/python/src/interpreter.cc.o
  [190/391] Building CXX object 3rdparty/triton/lib/Analysis/CMakeFiles/TritonAnalysis.dir/Membar.cpp.o
  [191/391] Building CXX object 3rdparty/triton/lib/Analysis/CMakeFiles/TritonAnalysis.dir/Alias.cpp.o
  [192/391] Building CXX object 3rdparty/triton/lib/Analysis/CMakeFiles/TritonAnalysis.dir/Utility.cpp.o
  [193/391] Building CXX object 3rdparty/triton/lib/Conversion/TritonToTritonGPU/CMakeFiles/TritonToTritonGPU.dir/RelayoutTritonGPU.cpp.o
  [194/391] Building CXX object 3rdparty/triton/lib/Conversion/TritonGPUToLLVM/CMakeFiles/TritonGPUToLLVM.dir/DotOpToLLVM/FMA.cpp.o
  [195/391] Building CXX object 3rdparty/triton/lib/Conversion/TritonGPUToLLVM/CMakeFiles/TritonGPUToLLVM.dir/DotOpToLLVM/FMADotUtility.cpp.o
  [196/391] Building CXX object 3rdparty/triton/lib/Conversion/TritonGPUToLLVM/CMakeFiles/TritonGPUToLLVM.dir/AllocateWarpGroups.cpp.o
  [197/391] Building CXX object 3rdparty/triton/lib/Conversion/TritonGPUToLLVM/CMakeFiles/TritonGPUToLLVM.dir/AssertOpToLLVM.cpp.o
  [198/391] Building CXX object 3rdparty/triton/lib/Conversion/TritonGPUToLLVM/CMakeFiles/TritonGPUToLLVM.dir/GlobalScratchMemoryAllocation.cpp.o
  [199/391] Building CXX object 3rdparty/triton/lib/Conversion/TritonGPUToLLVM/CMakeFiles/TritonGPUToLLVM.dir/PrintOpToLLVM.cpp.o
  [200/391] Building CXX object 3rdparty/triton/lib/Dialect/TritonGPU/Transforms/CMakeFiles/TritonGPUTransforms.dir/Canonicalize.cpp.o
  [201/391] Building CXX object 3rdparty/triton/lib/Dialect/TritonGPU/Transforms/CMakeFiles/TritonGPUTransforms.dir/F32DotTC.cpp.o
  [202/391] Building CXX object 3rdparty/triton/lib/Dialect/TritonGPU/Transforms/CMakeFiles/TritonGPUTransforms.dir/CombineTensorSelectAndIf.cpp.o
  [203/391] Building CXX object 3rdparty/triton/lib/Dialect/TritonGPU/Transforms/CMakeFiles/TritonGPUTransforms.dir/DecomposeScaledBlocked.cpp.o
  [204/391] Building CXX object 3rdparty/triton/lib/Dialect/TritonGPU/Transforms/CMakeFiles/TritonGPUTransforms.dir/ReduceDataDuplication.cpp.o
  [205/391] Building CXX object 3rdparty/triton/lib/Dialect/TritonGPU/Transforms/CMakeFiles/TritonGPUTransforms.dir/OptimizeAccumulatorInit.cpp.o
  [206/391] Building CXX object 3rdparty/triton/lib/Dialect/TritonGPU/Transforms/CMakeFiles/TritonGPUTransforms.dir/OptimizeDotOperands.cpp.o
  [207/391] Building CXX object 3rdparty/triton/lib/Dialect/TritonGPU/Transforms/CMakeFiles/TritonGPUTransforms.dir/Pipeliner/WGMMAPipeline.cpp.o
  [208/391] Building CXX object 3rdparty/triton/lib/Dialect/TritonGPU/Transforms/CMakeFiles/TritonGPUTransforms.dir/Pipeliner/PipelineExpander.cpp.o
  [209/391] Building CXX object 3rdparty/triton/lib/Dialect/TritonGPU/Transforms/CMakeFiles/TritonGPUTransforms.dir/Pipeliner/Schedule.cpp.o
  [210/391] Building CXX object 3rdparty/triton/lib/Dialect/TritonGPU/Transforms/CMakeFiles/TritonGPUTransforms.dir/ReorderInstructions.cpp.o
  [211/391] Building CXX object 3rdparty/triton/lib/Dialect/TritonGPU/Transforms/CMakeFiles/TritonGPUTransforms.dir/WarpSpecialization/AutomaticWarpSpecialization.cpp.o
  [212/391] Building CXX object 3rdparty/triton/lib/Dialect/TritonGPU/Transforms/CMakeFiles/TritonGPUTransforms.dir/WarpSpecialization/PartitionBuilder.cpp.o
  [213/391] Building CXX object 3rdparty/triton/lib/Dialect/TritonNvidiaGPU/Transforms/CMakeFiles/TritonNvidiaGPUTransforms.dir/RemoveTMEMTokens.cpp.o
  [214/391] Building CXX object 3rdparty/triton/lib/Dialect/TritonNvidiaGPU/Transforms/CMakeFiles/TritonNvidiaGPUTransforms.dir/TensorMemoryAllocation.cpp.o
  [215/391] Building CXX object 3rdparty/triton/lib/Target/LLVMIR/CMakeFiles/TritonLLVMIR.dir/LLVMIRBreakPhiStruct.cpp.o
  [216/391] Building CXX object 3rdparty/triton/third_party/amd/lib/TritonAMDGPUToLLVM/CMakeFiles/TritonAMDGPUToLLVM.dir/TargetUtils.cpp.o
  [217/391] Building CXX object 3rdparty/triton/third_party/amd/lib/TritonAMDGPUTransforms/CMakeFiles/TritonAMDGPUTransforms.dir/FoldTrueCmpIOp.cpp.o
  [218/391] Building CXX object 3rdparty/triton/lib/Conversion/TritonGPUToLLVM/CMakeFiles/TritonGPUToLLVM.dir/AllocateSharedMemory.cpp.o
  [219/391] Building CXX object 3rdparty/triton/lib/Conversion/TritonGPUToLLVM/CMakeFiles/TritonGPUToLLVM.dir/ControlFlowOpToLLVM.cpp.o
  [220/391] Building CXX object 3rdparty/triton/lib/Conversion/TritonGPUToLLVM/CMakeFiles/TritonGPUToLLVM.dir/SPMDOpToLLVM.cpp.o
  [221/391] Building CXX object 3rdparty/triton/lib/Dialect/TritonGPU/Transforms/CMakeFiles/TritonGPUTransforms.dir/Coalesce.cpp.o
  [222/391] Building CXX object 3rdparty/triton/lib/Dialect/TritonGPU/Transforms/CMakeFiles/TritonGPUTransforms.dir/Pipeliner/MMAv5PipelineUtility.cpp.o
  [223/391] Building CXX object 3rdparty/triton/lib/Dialect/TritonGPU/Transforms/CMakeFiles/TritonGPUTransforms.dir/Pipeliner/ScheduleLoops.cpp.o
  [224/391] Building CXX object 3rdparty/triton/lib/Dialect/TritonGPU/Transforms/CMakeFiles/TritonGPUTransforms.dir/Pipeliner/TestPipelineLowerLoop.cpp.o
  [225/391] Building CXX object 3rdparty/triton/lib/Dialect/TritonGPU/Transforms/CMakeFiles/TritonGPUTransforms.dir/Pipeliner/SoftwarePipeliner.cpp.o
  [226/391] Building CXX object 3rdparty/triton/lib/Dialect/TritonGPU/Transforms/CMakeFiles/TritonGPUTransforms.dir/Prefetch.cpp.o
  [227/391] Building CXX object 3rdparty/triton/lib/Dialect/TritonGPU/Transforms/CMakeFiles/TritonGPUTransforms.dir/CoalesceAsyncCopy.cpp.o
  [228/391] Building CXX object 3rdparty/triton/lib/Dialect/TritonGPU/Transforms/CMakeFiles/TritonGPUTransforms.dir/WarpSpecialization/Partition.cpp.o
  [229/391] Building CXX object 3rdparty/triton/lib/Dialect/TritonGPU/Transforms/CMakeFiles/TritonGPUTransforms.dir/WarpSpecialization/PartitionScheduling.cpp.o
  [230/391] Building CXX object 3rdparty/triton/lib/Dialect/TritonNvidiaGPU/Transforms/CMakeFiles/TritonNvidiaGPUTransforms.dir/MMALowering.cpp.o
  [231/391] Building CXX object 3rdparty/triton/lib/Dialect/TritonNvidiaGPU/Transforms/CMakeFiles/TritonNvidiaGPUTransforms.dir/PromoteLHSToTMem.cpp.o
  [232/391] Building CXX object 3rdparty/triton/lib/Dialect/TritonNvidiaGPU/Transforms/CMakeFiles/TritonNvidiaGPUTransforms.dir/TMAUtilities.cpp.o
  [233/391] Building CXX object 3rdparty/triton/third_party/nvidia/lib/TritonNVIDIAGPUToLLVM/CMakeFiles/TritonNVIDIAGPUToLLVM.dir/TensorPtrOpsToLLVM.cpp.o
  [234/391] Building CXX object 3rdparty/triton/third_party/nvidia/lib/TritonNVIDIAGPUToLLVM/CMakeFiles/TritonNVIDIAGPUToLLVM.dir/ClusterOpsToLLVM.cpp.o
  [235/391] Building CXX object 3rdparty/triton/third_party/amd/lib/TritonAMDGPUTransforms/CMakeFiles/TritonAMDGPUTransforms.dir/UpdateAsyncWaitCount.cpp.o
  [236/391] Building CXX object 3rdparty/triton/lib/Conversion/TritonGPUToLLVM/CMakeFiles/TritonGPUToLLVM.dir/MakeRangeOpToLLVM.cpp.o
  [237/391] Building CXX object 3rdparty/triton/lib/Dialect/TritonGPU/Transforms/CMakeFiles/TritonGPUTransforms.dir/OptimizeThreadLocality.cpp.o
  [238/391] Building CXX object 3rdparty/triton/lib/Dialect/TritonGPU/Transforms/CMakeFiles/TritonGPUTransforms.dir/WarpSpecialization/OptimizePartitionWarps.cpp.o
  [239/391] Building CXX object 3rdparty/triton/lib/Dialect/TritonGPU/Transforms/CMakeFiles/TritonGPUTransforms.dir/WarpSpecialization/PartitionLoops.cpp.o
  [240/391] Building CXX object 3rdparty/triton/lib/Dialect/TritonNvidiaGPU/Transforms/CMakeFiles/TritonNvidiaGPUTransforms.dir/TMALowering.cpp.o
  [241/391] Building CXX object 3rdparty/triton/lib/Target/LLVMIR/CMakeFiles/TritonLLVMIR.dir/LLVMDIScope.cpp.o
  [242/391] Building CXX object 3rdparty/triton/lib/Conversion/TritonGPUToLLVM/CMakeFiles/TritonGPUToLLVM.dir/ReduceOpToLLVM.cpp.o
  [243/391] Building CXX object 3rdparty/triton/lib/Dialect/TritonGPU/Transforms/CMakeFiles/TritonGPUTransforms.dir/WarpSpecialization/RewritePartitionDependencies.cpp.o
  [244/391] Building CXX object 3rdparty/triton/third_party/amd/lib/TritonAMDGPUTransforms/CMakeFiles/TritonAMDGPUTransforms.dir/CoalesceAsyncCopy.cpp.o
  [245/391] Building CXX object 3rdparty/triton/third_party/amd/lib/TritonAMDGPUTransforms/CMakeFiles/TritonAMDGPUTransforms.dir/InThreadTranspose.cpp.o
  [246/391] Building CXX object 3rdparty/triton/lib/Dialect/TritonGPU/Transforms/CMakeFiles/TritonGPUTransforms.dir/Pipeliner/TMAStoresPipeline.cpp.o
  [247/391] Building CXX object 3rdparty/triton/third_party/proton/dialect/CMakeFiles/TritonProton.dir/triton_proton.cc.o
  [248/391] Building CXX object 3rdparty/triton/lib/Conversion/TritonGPUToLLVM/CMakeFiles/TritonGPUToLLVM.dir/TypeConverter.cpp.o
  [249/391] Building CXX object 3rdparty/triton/lib/Dialect/TritonNvidiaGPU/Transforms/CMakeFiles/TritonNvidiaGPUTransforms.dir/InterleaveTMem.cpp.o
  [250/391] Building CXX object 3rdparty/triton/third_party/nvidia/lib/TritonNVIDIAGPUToLLVM/CMakeFiles/TritonNVIDIAGPUToLLVM.dir/TensorMemoryToLLVM.cpp.o
  [251/391] Building CXX object 3rdparty/triton/third_party/amd/lib/TritonAMDGPUTransforms/CMakeFiles/TritonAMDGPUTransforms.dir/BlockPingpong.cpp.o
  [252/391] Building CXX object 3rdparty/triton/third_party/nvidia/lib/TritonNVIDIAGPUToLLVM/CMakeFiles/TritonNVIDIAGPUToLLVM.dir/SPMDOpToLLVM.cpp.o
  [253/391] Building CXX object 3rdparty/triton/lib/Conversion/TritonGPUToLLVM/CMakeFiles/TritonGPUToLLVM.dir/FuncOpToLLVM.cpp.o
  [254/391] Building CXX object 3rdparty/triton/lib/Conversion/TritonGPUToLLVM/CMakeFiles/TritonGPUToLLVM.dir/GatherOpToLLVM.cpp.o
  [255/391] Building CXX object 3rdparty/triton/lib/Dialect/TritonGPU/Transforms/CMakeFiles/TritonGPUTransforms.dir/Pipeliner/AssignLatencies.cpp.o
  [256/391] Building CXX object 3rdparty/triton/lib/Conversion/TritonGPUToLLVM/CMakeFiles/TritonGPUToLLVM.dir/HistogramOpToLLVM.cpp.o
  [257/391] Building CXX object 3rdparty/triton/third_party/nvidia/unittest/Conversion/TritonGPUToLLVM/CMakeFiles/TestPtxAsmFormat.dir/PTXAsmFormatTest.cpp.o
  [258/391] Building CXX object 3rdparty/triton/lib/Dialect/TritonNvidiaGPU/Transforms/CMakeFiles/TritonNvidiaGPUTransforms.dir/FenceInsertion.cpp.o
  [259/391] Building CXX object 3rdparty/triton/third_party/nvidia/lib/TritonNVIDIAGPUToLLVM/CMakeFiles/TritonNVIDIAGPUToLLVM.dir/PTXAsmFormat.cpp.o
  [260/391] Building CXX object 3rdparty/triton/third_party/nvidia/lib/TritonNVIDIAGPUToLLVM/CMakeFiles/TritonNVIDIAGPUToLLVM.dir/Utility.cpp.o
  [261/391] Building CXX object 3rdparty/triton/lib/Dialect/TritonNvidiaGPU/Transforms/CMakeFiles/TritonNvidiaGPUTransforms.dir/OptimizeTMemLayouts.cpp.o
  [262/391] Building CXX object lib/Conversion/TritonDistributedToLLVM/CMakeFiles/TritonDistributedToLLVM.dir/SIMTOpToLLVM.cpp.o
  [263/391] Building CXX object 3rdparty/triton/third_party/nvidia/lib/Dialect/NVWS/Transforms/CMakeFiles/NVWSTransforms.dir/LowerWarpGroup.cpp.o
  [264/391] Building CXX object 3rdparty/triton/third_party/nvidia/lib/TritonNVIDIAGPUToLLVM/CMakeFiles/TritonNVIDIAGPUToLLVM.dir/DotOpToLLVM/MMAv2.cpp.o
  [265/391] Building CXX object 3rdparty/triton/third_party/nvidia/lib/TritonNVIDIAGPUToLLVM/CMakeFiles/TritonNVIDIAGPUToLLVM.dir/ConvertLayoutOpToLLVM.cpp.o
  [266/391] Building CXX object 3rdparty/triton/third_party/nvidia/lib/TritonNVIDIAGPUToLLVM/CMakeFiles/TritonNVIDIAGPUToLLVM.dir/Fp4ToFpOpToLLVM.cpp.o
  [267/391] Building CXX object 3rdparty/triton/lib/Conversion/TritonGPUToLLVM/CMakeFiles/TritonGPUToLLVM.dir/MemoryOpToLLVM.cpp.o
  [268/391] Building CXX object 3rdparty/triton/lib/Conversion/TritonGPUToLLVM/CMakeFiles/TritonGPUToLLVM.dir/ConvertLayoutOpToLLVM.cpp.o
  [269/391] Building CXX object CMakeFiles/TritonDistributed.dir/python/src/triton_distributed.cc.o
  [270/391] Building CXX object 3rdparty/triton/lib/Dialect/TritonNvidiaGPU/Transforms/CMakeFiles/TritonNvidiaGPUTransforms.dir/OptimizeDescriptorEncoding.cpp.o
  [271/391] Building CXX object 3rdparty/triton/third_party/nvidia/lib/TritonNVIDIAGPUToLLVM/CMakeFiles/TritonNVIDIAGPUToLLVM.dir/DotOpToLLVM.cpp.o
  [272/391] Building CXX object 3rdparty/triton/lib/Dialect/TritonGPU/Transforms/CMakeFiles/TritonGPUTransforms.dir/FuseNestedLoops.cpp.o
  [273/391] Building CXX object 3rdparty/triton/lib/Dialect/TritonGPU/Transforms/CMakeFiles/TritonGPUTransforms.dir/AccelerateMatmul.cpp.o
  [274/391] Building CXX object lib/Conversion/TritonDistributedToLLVM/CMakeFiles/TritonDistributedToLLVM.dir/AMD/DistributedOpToLLVM.cpp.o
  [275/391] Building CXX object 3rdparty/triton/third_party/nvidia/hopper/lib/Transforms/CMakeFiles/NVHopperTransforms.dir/WarpSpecialization/CodePartitionUtility.cpp.o
  [276/391] Building CXX object 3rdparty/triton/third_party/amd/lib/TritonAMDGPUTransforms/CMakeFiles/TritonAMDGPUTransforms.dir/AccelerateAMDMatmul.cpp.o
  [277/391] Building CXX object lib/Conversion/TritonDistributedToLLVM/CMakeFiles/TritonDistributedToLLVM.dir/NVIDIA/DistributedOpToLLVM.cpp.o
  [278/391] Building CXX object 3rdparty/triton/lib/Analysis/CMakeFiles/TritonAnalysis.dir/Allocation.cpp.o
  [279/391] Building CXX object lib/Conversion/TritonDistributedToLLVM/CMakeFiles/TritonDistributedToLLVM.dir/AMD/LibDeviceToLLVM.cpp.o
  [280/391] Building CXX object 3rdparty/triton/third_party/nvidia/lib/Dialect/NVWS/Transforms/CMakeFiles/NVWSTransforms.dir/LowerAref.cpp.o
  [281/391] Building CXX object 3rdparty/triton/third_party/nvidia/lib/TritonNVIDIAGPUToLLVM/CMakeFiles/TritonNVIDIAGPUToLLVM.dir/BarrierOpToLLVM.cpp.o
  [282/391] Building CXX object 3rdparty/triton/lib/Conversion/TritonGPUToLLVM/CMakeFiles/TritonGPUToLLVM.dir/ScanOpToLLVM.cpp.o
  [283/391] Building CXX object 3rdparty/triton/lib/Dialect/TritonGPU/Transforms/CMakeFiles/TritonGPUTransforms.dir/HoistTMEMAlloc.cpp.o
  [284/391] Building CXX object 3rdparty/triton/third_party/nvidia/lib/TritonNVIDIAGPUToLLVM/CMakeFiles/TritonNVIDIAGPUToLLVM.dir/DotOpToLLVM/WGMMA.cpp.o
  [285/391] Building CXX object 3rdparty/triton/lib/Conversion/TritonGPUToLLVM/CMakeFiles/TritonGPUToLLVM.dir/ViewOpToLLVM.cpp.o
  [286/391] Building CXX object 3rdparty/triton/third_party/nvidia/lib/TritonNVIDIAGPUToLLVM/CMakeFiles/TritonNVIDIAGPUToLLVM.dir/TMAToLLVM.cpp.o
  [287/391] Building CXX object 3rdparty/triton/third_party/nvidia/hopper/lib/Transforms/CMakeFiles/NVHopperTransforms.dir/WarpSpecialization/WSBuffer.cpp.o
  [288/391] Building CXX object 3rdparty/triton/third_party/nvidia/lib/TritonNVIDIAGPUToLLVM/CMakeFiles/TritonNVIDIAGPUToLLVM.dir/MemoryOpToLLVM.cpp.o
  [289/391] Building CXX object 3rdparty/triton/third_party/nvidia/lib/TritonNVIDIAGPUToLLVM/CMakeFiles/TritonNVIDIAGPUToLLVM.dir/DotOpToLLVM/MMAv5.cpp.o
  [290/391] Building CXX object 3rdparty/triton/lib/Dialect/TritonGPU/IR/CMakeFiles/TritonGPUIR.dir/Ops.cpp.o
  [291/391] Building CXX object 3rdparty/triton/unittest/Analysis/CMakeFiles/TestTritonAnalysis.dir/UtilityTest.cpp.o
  [292/391] Building CXX object lib/Conversion/TritonDistributedToLLVM/CMakeFiles/TritonDistributedToLLVM.dir/NVIDIA/ConvertTritonDistributedToLLVM.cpp.o
  [293/391] Building CXX object 3rdparty/triton/third_party/nvidia/hopper/lib/Transforms/CMakeFiles/NVHopperTransforms.dir/WarpSpecialization/WSTaskIdPropagate.cpp.o
  [294/391] Building CXX object 3rdparty/triton/third_party/nvidia/hopper/lib/Transforms/CMakeFiles/NVHopperTransforms.dir/WarpSpecialization/WSTaskPartition.cpp.o
  [295/391] Building CXX object 3rdparty/triton/third_party/amd/lib/TritonAMDGPUToLLVM/CMakeFiles/TritonAMDGPUToLLVM.dir/AsyncUtility.cpp.o
  [296/391] Building CXX object 3rdparty/triton/third_party/amd/lib/TritonAMDGPUToLLVM/CMakeFiles/TritonAMDGPUToLLVM.dir/BufferOpsEmitter.cpp.o
  [297/391] Building CXX object 3rdparty/triton/unittest/Dialect/TritonGPU/CMakeFiles/DumpLayoutTest.dir/DumpLayoutTest.cpp.o
  [298/391] Building CXX object 3rdparty/triton/lib/Dialect/TritonGPU/Transforms/CMakeFiles/TritonGPUTransforms.dir/WarpSpecialization/LoadMMASpecialization.cpp.o
  [299/391] Building CXX object lib/Conversion/TritonDistributedToLLVM/CMakeFiles/TritonDistributedToLLVM.dir/AMD/ConvertAMDDistributedToLLVM.cpp.o
  [300/391] Building CXX object 3rdparty/triton/lib/Dialect/TritonNvidiaGPU/Transforms/CMakeFiles/TritonNvidiaGPUTransforms.dir/PlanCTA.cpp.o
  [301/391] Building CXX object 3rdparty/triton/third_party/nvidia/hopper/lib/Transforms/CMakeFiles/NVHopperTransforms.dir/WarpSpecialization/WSLowerMem.cpp.o
  [302/391] Building CXX object 3rdparty/triton/third_party/nvidia/hopper/lib/Transforms/CMakeFiles/NVHopperTransforms.dir/WarpSpecialization/WSSpecialize.cpp.o
  [303/391] Building CXX object 3rdparty/triton/lib/Dialect/TritonGPU/Transforms/CMakeFiles/TritonGPUTransforms.dir/RemoveLayoutConversions.cpp.o
  [304/391] Building CXX object 3rdparty/triton/third_party/amd/lib/TritonAMDGPUToLLVM/CMakeFiles/TritonAMDGPUToLLVM.dir/MembarUtility.cpp.o
  [305/391] Building CXX object 3rdparty/triton/lib/Dialect/TritonGPU/Transforms/CMakeFiles/TritonGPUTransforms.dir/Utility.cpp.o
  [306/391] Building CXX object 3rdparty/triton/third_party/amd/unittest/Conversion/CMakeFiles/TestOptimizeLDS.dir/OptimizeLDSTest.cpp.o
  [307/391] Building CXX object 3rdparty/triton/third_party/amd/lib/TritonAMDGPUToLLVM/CMakeFiles/TritonAMDGPUToLLVM.dir/OptimizeLDSUtility.cpp.o
  [308/391] Building CXX object 3rdparty/triton/lib/Dialect/TritonGPU/Transforms/CMakeFiles/TritonGPUTransforms.dir/Pipeliner/LowerLoops.cpp.o
  [309/391] Building CXX object 3rdparty/triton/third_party/nvidia/lib/TritonNVIDIAGPUToLLVM/CMakeFiles/TritonNVIDIAGPUToLLVM.dir/TargetInfo.cpp.o
  [310/391] Building CXX object 3rdparty/triton/third_party/amd/lib/TritonAMDGPUToLLVM/CMakeFiles/TritonAMDGPUToLLVM.dir/DotOpToLLVM/FMA.cpp.o
  [311/391] Building CXX object 3rdparty/triton/third_party/amd/lib/TritonAMDGPUToLLVM/CMakeFiles/TritonAMDGPUToLLVM.dir/DotOpToLLVM.cpp.o
  [312/391] Building CXX object 3rdparty/triton/test/lib/Analysis/CMakeFiles/obj.TritonTestAnalysis.dir/TestAxisInfo.cpp.o
  [313/391] Building CXX object 3rdparty/triton/third_party/amd/lib/TritonAMDGPUToLLVM/CMakeFiles/TritonAMDGPUToLLVM.dir/MemoryOpToLLVM.cpp.o
  [314/391] Building CXX object 3rdparty/triton/test/lib/Analysis/CMakeFiles/obj.TritonTestAnalysis.dir/TestAlias.cpp.o
  [315/391] Building CXX object 3rdparty/triton/test/lib/Analysis/CMakeFiles/obj.TritonTestAnalysis.dir/TestMembar.cpp.o
  [316/391] Building CXX object 3rdparty/triton/lib/Dialect/TritonGPU/Transforms/CMakeFiles/TritonGPUTransforms.dir/Pipeliner/PipeliningUtility.cpp.o
  [317/391] Building CXX object 3rdparty/triton/third_party/amd/lib/TritonAMDGPUToLLVM/CMakeFiles/TritonAMDGPUToLLVM.dir/ConvertLayoutOpToLLVM/SharedToDotOperandHelper.cpp.o
  [318/391] Building CXX object 3rdparty/triton/third_party/amd/lib/TritonAMDGPUToLLVM/CMakeFiles/TritonAMDGPUToLLVM.dir/ConvertLayoutOpToLLVM/SharedToDotOperandWMMA.cpp.o
  [319/391] Building CXX object 3rdparty/triton/third_party/amd/lib/TritonAMDGPUToLLVM/CMakeFiles/TritonAMDGPUToLLVM.dir/GCNAsmFormat.cpp.o
  [320/391] Building CXX object CMakeFiles/triton.dir/3rdparty/triton/python/src/passes.cc.o
  [321/391] Building CXX object 3rdparty/triton/lib/Analysis/CMakeFiles/TritonAnalysis.dir/AxisInfo.cpp.o
  [322/391] Building CXX object 3rdparty/triton/third_party/amd/lib/TritonAMDGPUToLLVM/CMakeFiles/TritonAMDGPUToLLVM.dir/DotOpToLLVM/WMMA.cpp.o
  [323/391] Building CXX object 3rdparty/triton/third_party/amd/lib/TritonAMDGPUToLLVM/CMakeFiles/TritonAMDGPUToLLVM.dir/SPMDOpToLLVM.cpp.o
  [324/391] Building CXX object CMakeFiles/TritonDistributed.dir/python/src/passes.cc.o
  [325/391] Building CXX object 3rdparty/triton/third_party/amd/lib/TritonAMDGPUToLLVM/CMakeFiles/TritonAMDGPUToLLVM.dir/AtomicRMWOpsEmitter.cpp.o
  [326/391] Building CXX object 3rdparty/triton/test/lib/Analysis/CMakeFiles/obj.TritonTestAnalysis.dir/TestAllocation.cpp.o
  [327/391] Building CXX object 3rdparty/triton/third_party/amd/lib/TritonAMDGPUToLLVM/CMakeFiles/TritonAMDGPUToLLVM.dir/ConvertLayoutOpToLLVM.cpp.o
  [328/391] Building CXX object 3rdparty/triton/third_party/nvidia/lib/NVGPUToLLVM/CMakeFiles/NVGPUToLLVM.dir/NVGPUToLLVMPass.cpp.o
  [329/391] Building CXX object 3rdparty/triton/third_party/amd/lib/Dialect/TritonAMDGPU/IR/CMakeFiles/TritonAMDGPUIR.dir/Dialect.cpp.o
  [330/391] Building CXX object 3rdparty/triton/lib/Conversion/TritonGPUToLLVM/CMakeFiles/TritonGPUToLLVM.dir/Utility.cpp.o
  [331/391] Building CXX object 3rdparty/triton/third_party/amd/lib/TritonAMDGPUToLLVM/CMakeFiles/TritonAMDGPUToLLVM.dir/ConvertLayoutOpToLLVM/SharedToDotOperandMFMA.cpp.o
  [332/391] Building CXX object 3rdparty/triton/third_party/amd/lib/TritonAMDGPUToLLVM/CMakeFiles/TritonAMDGPUToLLVM.dir/ScalarizePackedFOps.cpp.o
  [333/391] Building CXX object 3rdparty/triton/lib/Dialect/TritonNvidiaGPU/IR/CMakeFiles/TritonNvidiaGPUIR.dir/Dialect.cpp.o
  [334/391] Building CXX object 3rdparty/triton/third_party/amd/lib/TritonAMDGPUToLLVM/CMakeFiles/TritonAMDGPUToLLVM.dir/BuiltinFuncToLLVM.cpp.o
  [335/391] Building CXX object 3rdparty/triton/third_party/amd/lib/TritonAMDGPUToLLVM/CMakeFiles/TritonAMDGPUToLLVM.dir/DotOpToLLVM/MFMA.cpp.o
  [336/391] Building CXX object 3rdparty/triton/third_party/amd/lib/TritonAMDGPUToLLVM/CMakeFiles/TritonAMDGPUToLLVM.dir/TargetInfo.cpp.o
  [337/391] Building CXX object 3rdparty/triton/third_party/nvidia/lib/TritonNVIDIAGPUToLLVM/CMakeFiles/TritonNVIDIAGPUToLLVM.dir/TritonGPUToLLVM.cpp.o
  [338/391] Building CXX object 3rdparty/triton/unittest/Dialect/TritonGPU/CMakeFiles/Dialect.dir/DialectTest.cpp.o
  [339/391] Building CXX object 3rdparty/triton/third_party/amd/lib/TritonAMDGPUToLLVM/CMakeFiles/TritonAMDGPUToLLVM.dir/SchedInstructions.cpp.o
  [340/391] Building CXX object 3rdparty/triton/third_party/nvidia/hopper/lib/Transforms/CMakeFiles/NVHopperTransforms.dir/WarpSpecialization/WSDataPartition.cpp.o
  [341/391] Building CXX object 3rdparty/triton/third_party/amd/lib/TritonAMDGPUToLLVM/CMakeFiles/TritonAMDGPUToLLVM.dir/Utility.cpp.o
  [342/391] Building CXX object 3rdparty/triton/third_party/amd/lib/TritonAMDGPUToLLVM/CMakeFiles/TritonAMDGPUToLLVM.dir/OptimizeLDSUsage.cpp.o
  [343/391] Building CXX object 3rdparty/triton/third_party/amd/lib/TritonAMDGPUToLLVM/CMakeFiles/TritonAMDGPUToLLVM.dir/UpcastMXFPToLLVM.cpp.o
  [344/391] Building CXX object 3rdparty/triton/third_party/nvidia/hopper/lib/Transforms/CMakeFiles/NVHopperTransforms.dir/WarpSpecialization/WSCodePartition.cpp.o
  [345/391] Building CXX object 3rdparty/triton/bin/CMakeFiles/triton-llvm-opt.dir/triton-llvm-opt.cpp.o
  [346/391] Building CXX object CMakeFiles/TritonDistributed.dir/python/src/ir.cc.o
  [347/391] Building CXX object 3rdparty/triton/lib/Conversion/TritonToTritonGPU/CMakeFiles/TritonToTritonGPU.dir/TritonToTritonGPUPass.cpp.o
  [348/391] Building CXX object CMakeFiles/triton.dir/3rdparty/triton/python/src/gluon_ir.cc.o
  [349/391] Building CXX object 3rdparty/triton/lib/Dialect/TritonGPU/IR/CMakeFiles/TritonGPUIR.dir/Dialect.cpp.o
  [350/391] Building CXX object 3rdparty/triton/lib/Dialect/TritonNvidiaGPU/IR/CMakeFiles/TritonNvidiaGPUIR.dir/Ops.cpp.o
  [351/391] Building CXX object lib/Conversion/TritonDistributedToTritonGPU/CMakeFiles/TritonDistributedToTritonGPU.dir/TritonDistributedToTritonGPU.cpp.o
  [352/391] Building CXX object 3rdparty/triton/third_party/nvidia/CMakeFiles/TritonNVIDIA.dir/triton_nvidia.cc.o
  [353/391] Building CXX object 3rdparty/triton/third_party/nvidia/lib/TritonNVIDIAGPUToLLVM/CMakeFiles/TritonNVIDIAGPUToLLVM.dir/ConvertWarpSpecializeToLLVM.cpp.o
  [354/391] Building CXX object 3rdparty/triton/third_party/nvidia/lib/TritonNVIDIAGPUToLLVM/CMakeFiles/TritonNVIDIAGPUToLLVM.dir/ElementwiseOpToLLVM.cpp.o
  [355/391] Building CXX object 3rdparty/triton/third_party/nvidia/lib/TritonNVIDIAGPUToLLVM/CMakeFiles/TritonNVIDIAGPUToLLVM.dir/LoadStoreOpToLLVM.cpp.o
  [356/391] Building CXX object 3rdparty/triton/third_party/amd/CMakeFiles/TritonAMD.dir/python/triton_amd.cc.o
  [357/391] Building CXX object 3rdparty/triton/third_party/amd/lib/TritonAMDGPUToLLVM/CMakeFiles/TritonAMDGPUToLLVM.dir/LoadStoreOpToLLVM.cpp.o
  [358/391] Building CXX object 3rdparty/triton/bin/CMakeFiles/triton-tensor-layout.dir/triton-tensor-layout.cpp.o
  [359/391] Building CXX object 3rdparty/triton/unittest/Dialect/TritonGPU/CMakeFiles/LinearLayoutConversions.dir/LinearLayoutConversionsTest.cpp.o
  [360/391] Building CXX object csrc/lib/CMakeFiles/triton_distributed.dir/op_pybind.cc.o
  [361/391] Building CXX object csrc/lib/CMakeFiles/triton_distributed.dir/registry.cc.o
  [362/391] Linking CXX shared library /root/paddlejob/workspace/env_run/output/liumengyuan/code/Triton-distributed/python/triton/_C/libproton.so
  [363/391] Linking CXX shared library /root/paddlejob/workspace/env_run/output/liumengyuan/code/Triton-distributed/python/triton/instrumentation/libGPUInstrumentationTestLib.so
  [364/391] Building CXX object CMakeFiles/triton.dir/3rdparty/triton/python/src/ir.cc.o
  [365/391] Building CXX object CMakeFiles/triton.dir/3rdparty/triton/python/src/llvm.cc.o
  [366/391] Building CXX object 3rdparty/triton/lib/Conversion/TritonGPUToLLVM/CMakeFiles/TritonGPUToLLVM.dir/ElementwiseOpToLLVM.cpp.o
  [367/391] Building CXX object 3rdparty/triton/third_party/amd/lib/TritonAMDGPUToLLVM/CMakeFiles/TritonAMDGPUToLLVM.dir/ElementwiseOpToLLVM.cpp.o
  [368/391] Building CXX object 3rdparty/triton/third_party/amd/lib/TritonAMDGPUToLLVM/CMakeFiles/TritonAMDGPUToLLVM.dir/TritonGPUToLLVM.cpp.o
  [369/391] Building CXX object 3rdparty/triton/bin/CMakeFiles/triton-opt.dir/triton-opt.cpp.o
  [370/391] Building CXX object 3rdparty/triton/bin/CMakeFiles/triton-reduce.dir/triton-reduce.cpp.o
  [371/391] Building CXX object 3rdparty/triton/bin/CMakeFiles/triton-lsp.dir/triton-lsp.cpp.o
  [372/391] Linking CXX shared library /root/paddlejob/workspace/env_run/output/liumengyuan/code/Triton-distributed/python/triton/instrumentation/libPrintLoadStoreMemSpaces.so
  [373/391] Linking CXX static library 3rdparty/triton/third_party/amd/test/lib/Analysis/libTritonAMDGPUTestAnalysis.a
  [374/391] Linking CXX executable 3rdparty/triton/unittest/Dialect/TritonGPU/TestSwizzling
  [375/391] Linking CXX executable 3rdparty/triton/unittest/Tools/LinearLayout
  [376/391] Linking CXX static library 3rdparty/triton/test/lib/Dialect/libTritonTestDialect.a
  [377/391] Linking CXX static library 3rdparty/triton/test/lib/Analysis/libTritonTestAnalysis.a
  [378/391] Linking CXX executable 3rdparty/triton/unittest/Analysis/TestTritonAnalysis
  [379/391] Linking CXX executable 3rdparty/triton/unittest/Dialect/TritonGPU/DumpLayoutTest
  [380/391] Linking CXX executable 3rdparty/triton/unittest/Dialect/TritonGPU/Dialect
  [381/391] Linking CXX executable 3rdparty/triton/unittest/Dialect/TritonGPU/LinearLayoutConversions
  [382/391] Linking CXX executable 3rdparty/triton/bin/triton-llvm-opt
  [383/391] Linking CXX executable 3rdparty/triton/third_party/nvidia/unittest/Conversion/TritonGPUToLLVM/TestPtxAsmFormat
  [384/391] Linking CXX executable 3rdparty/triton/third_party/amd/unittest/Conversion/TestOptimizeLDS
  [385/391] Linking CXX shared library /root/paddlejob/workspace/env_run/output/liumengyuan/code/Triton-distributed/python/triton/_C/libtriton.so
  [386/391] Linking CXX executable 3rdparty/triton/bin/triton-opt
  [387/391] Linking CXX executable 3rdparty/triton/bin/triton-lsp
  [388/391] Linking CXX executable 3rdparty/triton/bin/triton-reduce
  [389/391] Linking CXX executable 3rdparty/triton/bin/triton-tensor-layout
  [390/391] Building CUDA object csrc/lib/CMakeFiles/triton_distributed.dir/moe_utils.cu.o
  [391/391] Linking CXX shared library /root/paddlejob/workspace/env_run/output/liumengyuan/code/Triton-distributed/python/triton/_C/libtriton_distributed.so
  [1/36] Building TritonNvidiaGPUDialect.md...
  [2/35] Building TritonGPUDialect.md...
  [3/34] Building DistributedDialect.md...
  [4/33] Building TritonDialect.md...
  [5/32] Building SIMTDialect.md...
  [6/31] Building NVGPUDialect.md...
  [7/30] Building NVWSDialect.md...
  [8/29] Building TritonAMDGPUDialect.md...
  [9/28] Building ProtonDialect.md...
  [10/27] Building NVWSOps.md...
  [11/26] Building TritonOps.md...
  [12/25] Building NVGPUOps.md...
  [13/24] Building TritonGPUOps.md...
  [14/23] Building TritonNvidiaGPUOps.md...
  [15/22] Building DistributedOps.md...
  [16/21] Building ProtonOps.md...
  [17/20] Building SIMTOps.md...
  [18/19] Building TritonAMDGPUOps.md...
  running egg_info
  creating symlink: /root/paddlejob/workspace/env_run/output/liumengyuan/code/Triton-distributed/python/../3rdparty/triton/python/triton/tools/extra/cuda -> /root/paddlejob/workspace/env_run/output/liumengyuan/code/Triton-distributed/3rdparty/triton/third_party/nvidia/tools/cuda
  creating symlink: /root/paddlejob/workspace/env_run/output/liumengyuan/code/Triton-distributed/python/../3rdparty/triton/python/triton/profiler -> /root/paddlejob/workspace/env_run/output/liumengyuan/code/Triton-distributed/3rdparty/triton/third_party/proton/proton
  creating symlink: /root/paddlejob/workspace/env_run/output/liumengyuan/code/Triton-distributed/python/triton_dist/_C/libtriton_distributed.so -> /root/paddlejob/workspace/env_run/output/liumengyuan/code/Triton-distributed/3rdparty/triton/python/triton/_C/libtriton_distributed.so
  creating symlink: /root/paddlejob/workspace/env_run/output/liumengyuan/code/Triton-distributed/python/triton_dist/_C/libtriton_distributed_kernel.so -> /root/paddlejob/workspace/env_run/output/liumengyuan/code/Triton-distributed/3rdparty/triton/python/triton/_C/libtriton_distributed_kernel.so
  creating symlink: /root/paddlejob/workspace/env_run/output/liumengyuan/code/Triton-distributed/python/triton -> /root/paddlejob/workspace/env_run/output/liumengyuan/code/Triton-distributed/3rdparty/triton/python/triton
  creating /tmp/tmpu_2waedf.build-temp/triton_dist.egg-info
  writing /tmp/tmpu_2waedf.build-temp/triton_dist.egg-info/PKG-INFO
  writing dependency_links to /tmp/tmpu_2waedf.build-temp/triton_dist.egg-info/dependency_links.txt
  writing entry points to /tmp/tmpu_2waedf.build-temp/triton_dist.egg-info/entry_points.txt
  writing requirements to /tmp/tmpu_2waedf.build-temp/triton_dist.egg-info/requires.txt
  writing top-level names to /tmp/tmpu_2waedf.build-temp/triton_dist.egg-info/top_level.txt
  writing manifest file '/tmp/tmpu_2waedf.build-temp/triton_dist.egg-info/SOURCES.txt'
  reading manifest file '/tmp/tmpu_2waedf.build-temp/triton_dist.egg-info/SOURCES.txt'
  writing manifest file '/tmp/tmpu_2waedf.build-temp/triton_dist.egg-info/SOURCES.txt'
  /root/.virtualenvs/lmy_triton_dis/lib/python3.10/site-packages/setuptools/command/build_py.py:212: _Warning: Package 'triton/backends/amd.include.hip' is absent from the `packages` configuration.
  !!

          ********************************************************************************
          ############################
          # Package would be ignored #
          ############################
          Python recognizes 'triton/backends/amd.include.hip' as an importable package[^1],
          but it is absent from setuptools' `packages` configuration.

          This leads to an ambiguous overall configuration. If you want to distribute this
          package, please make sure that 'triton/backends/amd.include.hip' is explicitly added
          to the `packages` configuration field.

          Alternatively, you can also rely on setuptools' discovery methods
          (for example by using `find_namespace_packages(...)`/`find_namespace:`
          instead of `find_packages(...)`/`find:`).

          You can read more about "package discovery" on setuptools documentation page:

          - https://setuptools.pypa.io/en/latest/userguide/package_discovery.html

          If you don't want 'triton/backends/amd.include.hip' to be distributed and are
          already explicitly excluding 'triton/backends/amd.include.hip' via
          `find_namespace_packages(...)/find_namespace` or `find_packages(...)/find`,
          you can try to use `exclude_package_data`, or `include-package-data=False` in
          combination with a more fine grained `package-data` configuration.

          You can read more about "package data files" on setuptools documentation page:

          - https://setuptools.pypa.io/en/latest/userguide/datafiles.html


          [^1]: For Python, any directory (with suitable naming) can be imported,
                even if it does not contain any `.py` files.
                On the other hand, currently there is no concept of package data
                directory, all directories are treated like packages.
          ********************************************************************************

  !!
    check.warn(importable)
  /root/.virtualenvs/lmy_triton_dis/lib/python3.10/site-packages/setuptools/command/build_py.py:212: _Warning: Package 'triton/backends/amd.include.hip.amd_detail' is absent from the `packages` configuration.
  !!

          ********************************************************************************
          ############################
          # Package would be ignored #
          ############################
          Python recognizes 'triton/backends/amd.include.hip.amd_detail' as an importable package[^1],
          but it is absent from setuptools' `packages` configuration.

          This leads to an ambiguous overall configuration. If you want to distribute this
          package, please make sure that 'triton/backends/amd.include.hip.amd_detail' is explicitly added
          to the `packages` configuration field.

          Alternatively, you can also rely on setuptools' discovery methods
          (for example by using `find_namespace_packages(...)`/`find_namespace:`
          instead of `find_packages(...)`/`find:`).

          You can read more about "package discovery" on setuptools documentation page:

          - https://setuptools.pypa.io/en/latest/userguide/package_discovery.html

          If you don't want 'triton/backends/amd.include.hip.amd_detail' to be distributed and are
          already explicitly excluding 'triton/backends/amd.include.hip.amd_detail' via
          `find_namespace_packages(...)/find_namespace` or `find_packages(...)/find`,
          you can try to use `exclude_package_data`, or `include-package-data=False` in
          combination with a more fine grained `package-data` configuration.

          You can read more about "package data files" on setuptools documentation page:

          - https://setuptools.pypa.io/en/latest/userguide/datafiles.html


          [^1]: For Python, any directory (with suitable naming) can be imported,
                even if it does not contain any `.py` files.
                On the other hand, currently there is no concept of package data
                directory, all directories are treated like packages.
          ********************************************************************************

  !!
    check.warn(importable)
  /root/.virtualenvs/lmy_triton_dis/lib/python3.10/site-packages/setuptools/command/build_py.py:212: _Warning: Package 'triton/backends/amd.include.hsa' is absent from the `packages` configuration.
  !!

          ********************************************************************************
          ############################
          # Package would be ignored #
          ############################
          Python recognizes 'triton/backends/amd.include.hsa' as an importable package[^1],
          but it is absent from setuptools' `packages` configuration.

          This leads to an ambiguous overall configuration. If you want to distribute this
          package, please make sure that 'triton/backends/amd.include.hsa' is explicitly added
          to the `packages` configuration field.

          Alternatively, you can also rely on setuptools' discovery methods
          (for example by using `find_namespace_packages(...)`/`find_namespace:`
          instead of `find_packages(...)`/`find:`).

          You can read more about "package discovery" on setuptools documentation page:

          - https://setuptools.pypa.io/en/latest/userguide/package_discovery.html

          If you don't want 'triton/backends/amd.include.hsa' to be distributed and are
          already explicitly excluding 'triton/backends/amd.include.hsa' via
          `find_namespace_packages(...)/find_namespace` or `find_packages(...)/find`,
          you can try to use `exclude_package_data`, or `include-package-data=False` in
          combination with a more fine grained `package-data` configuration.

          You can read more about "package data files" on setuptools documentation page:

          - https://setuptools.pypa.io/en/latest/userguide/datafiles.html


          [^1]: For Python, any directory (with suitable naming) can be imported,
                even if it does not contain any `.py` files.
                On the other hand, currently there is no concept of package data
                directory, all directories are treated like packages.
          ********************************************************************************

  !!
    check.warn(importable)
  /root/.virtualenvs/lmy_triton_dis/lib/python3.10/site-packages/setuptools/command/build_py.py:212: _Warning: Package 'triton/backends/amd.include.roctracer' is absent from the `packages` configuration.
  !!

          ********************************************************************************
          ############################
          # Package would be ignored #
          ############################
          Python recognizes 'triton/backends/amd.include.roctracer' as an importable package[^1],
          but it is absent from setuptools' `packages` configuration.

          This leads to an ambiguous overall configuration. If you want to distribute this
          package, please make sure that 'triton/backends/amd.include.roctracer' is explicitly added
          to the `packages` configuration field.

          Alternatively, you can also rely on setuptools' discovery methods
          (for example by using `find_namespace_packages(...)`/`find_namespace:`
          instead of `find_packages(...)`/`find:`).

          You can read more about "package discovery" on setuptools documentation page:

          - https://setuptools.pypa.io/en/latest/userguide/package_discovery.html

          If you don't want 'triton/backends/amd.include.roctracer' to be distributed and are
          already explicitly excluding 'triton/backends/amd.include.roctracer' via
          `find_namespace_packages(...)/find_namespace` or `find_packages(...)/find`,
          you can try to use `exclude_package_data`, or `include-package-data=False` in
          combination with a more fine grained `package-data` configuration.

          You can read more about "package data files" on setuptools documentation page:

          - https://setuptools.pypa.io/en/latest/userguide/datafiles.html


          [^1]: For Python, any directory (with suitable naming) can be imported,
                even if it does not contain any `.py` files.
                On the other hand, currently there is no concept of package data
                directory, all directories are treated like packages.
          ********************************************************************************

  !!
    check.warn(importable)
  /root/.virtualenvs/lmy_triton_dis/lib/python3.10/site-packages/setuptools/command/build_py.py:212: _Warning: Package 'triton/backends/amd.include.roctracer.ext' is absent from the `packages` configuration.
  !!

          ********************************************************************************
          ############################
          # Package would be ignored #
          ############################
          Python recognizes 'triton/backends/amd.include.roctracer.ext' as an importable package[^1],
          but it is absent from setuptools' `packages` configuration.

          This leads to an ambiguous overall configuration. If you want to distribute this
          package, please make sure that 'triton/backends/amd.include.roctracer.ext' is explicitly added
          to the `packages` configuration field.

          Alternatively, you can also rely on setuptools' discovery methods
          (for example by using `find_namespace_packages(...)`/`find_namespace:`
          instead of `find_packages(...)`/`find:`).

          You can read more about "package discovery" on setuptools documentation page:

          - https://setuptools.pypa.io/en/latest/userguide/package_discovery.html

          If you don't want 'triton/backends/amd.include.roctracer.ext' to be distributed and are
          already explicitly excluding 'triton/backends/amd.include.roctracer.ext' via
          `find_namespace_packages(...)/find_namespace` or `find_packages(...)/find`,
          you can try to use `exclude_package_data`, or `include-package-data=False` in
          combination with a more fine grained `package-data` configuration.

          You can read more about "package data files" on setuptools documentation page:

          - https://setuptools.pypa.io/en/latest/userguide/datafiles.html


          [^1]: For Python, any directory (with suitable naming) can be imported,
                even if it does not contain any `.py` files.
                On the other hand, currently there is no concept of package data
                directory, all directories are treated like packages.
          ********************************************************************************

  !!
    check.warn(importable)
  /root/.virtualenvs/lmy_triton_dis/lib/python3.10/site-packages/setuptools/command/build_py.py:212: _Warning: Package 'triton/backends/amd.lib' is absent from the `packages` configuration.
  !!

          ********************************************************************************
          ############################
          # Package would be ignored #
          ############################
          Python recognizes 'triton/backends/amd.lib' as an importable package[^1],
          but it is absent from setuptools' `packages` configuration.

          This leads to an ambiguous overall configuration. If you want to distribute this
          package, please make sure that 'triton/backends/amd.lib' is explicitly added
          to the `packages` configuration field.

          Alternatively, you can also rely on setuptools' discovery methods
          (for example by using `find_namespace_packages(...)`/`find_namespace:`
          instead of `find_packages(...)`/`find:`).

          You can read more about "package discovery" on setuptools documentation page:

          - https://setuptools.pypa.io/en/latest/userguide/package_discovery.html

          If you don't want 'triton/backends/amd.lib' to be distributed and are
          already explicitly excluding 'triton/backends/amd.lib' via
          `find_namespace_packages(...)/find_namespace` or `find_packages(...)/find`,
          you can try to use `exclude_package_data`, or `include-package-data=False` in
          combination with a more fine grained `package-data` configuration.

          You can read more about "package data files" on setuptools documentation page:

          - https://setuptools.pypa.io/en/latest/userguide/datafiles.html


          [^1]: For Python, any directory (with suitable naming) can be imported,
                even if it does not contain any `.py` files.
                On the other hand, currently there is no concept of package data
                directory, all directories are treated like packages.
          ********************************************************************************

  !!
    check.warn(importable)
  /root/.virtualenvs/lmy_triton_dis/lib/python3.10/site-packages/setuptools/command/build_py.py:212: _Warning: Package 'triton/backends/nvidia.bin' is absent from the `packages` configuration.
  !!

          ********************************************************************************
          ############################
          # Package would be ignored #
          ############################
          Python recognizes 'triton/backends/nvidia.bin' as an importable package[^1],
          but it is absent from setuptools' `packages` configuration.

          This leads to an ambiguous overall configuration. If you want to distribute this
          package, please make sure that 'triton/backends/nvidia.bin' is explicitly added
          to the `packages` configuration field.

          Alternatively, you can also rely on setuptools' discovery methods
          (for example by using `find_namespace_packages(...)`/`find_namespace:`
          instead of `find_packages(...)`/`find:`).

          You can read more about "package discovery" on setuptools documentation page:

          - https://setuptools.pypa.io/en/latest/userguide/package_discovery.html

          If you don't want 'triton/backends/nvidia.bin' to be distributed and are
          already explicitly excluding 'triton/backends/nvidia.bin' via
          `find_namespace_packages(...)/find_namespace` or `find_packages(...)/find`,
          you can try to use `exclude_package_data`, or `include-package-data=False` in
          combination with a more fine grained `package-data` configuration.

          You can read more about "package data files" on setuptools documentation page:

          - https://setuptools.pypa.io/en/latest/userguide/datafiles.html


          [^1]: For Python, any directory (with suitable naming) can be imported,
                even if it does not contain any `.py` files.
                On the other hand, currently there is no concept of package data
                directory, all directories are treated like packages.
          ********************************************************************************

  !!
    check.warn(importable)
  /root/.virtualenvs/lmy_triton_dis/lib/python3.10/site-packages/setuptools/command/build_py.py:212: _Warning: Package 'triton/backends/nvidia.include' is absent from the `packages` configuration.
  !!

          ********************************************************************************
          ############################
          # Package would be ignored #
          ############################
          Python recognizes 'triton/backends/nvidia.include' as an importable package[^1],
          but it is absent from setuptools' `packages` configuration.

          This leads to an ambiguous overall configuration. If you want to distribute this
          package, please make sure that 'triton/backends/nvidia.include' is explicitly added
          to the `packages` configuration field.

          Alternatively, you can also rely on setuptools' discovery methods
          (for example by using `find_namespace_packages(...)`/`find_namespace:`
          instead of `find_packages(...)`/`find:`).

          You can read more about "package discovery" on setuptools documentation page:

          - https://setuptools.pypa.io/en/latest/userguide/package_discovery.html

          If you don't want 'triton/backends/nvidia.include' to be distributed and are
          already explicitly excluding 'triton/backends/nvidia.include' via
          `find_namespace_packages(...)/find_namespace` or `find_packages(...)/find`,
          you can try to use `exclude_package_data`, or `include-package-data=False` in
          combination with a more fine grained `package-data` configuration.

          You can read more about "package data files" on setuptools documentation page:

          - https://setuptools.pypa.io/en/latest/userguide/datafiles.html


          [^1]: For Python, any directory (with suitable naming) can be imported,
                even if it does not contain any `.py` files.
                On the other hand, currently there is no concept of package data
                directory, all directories are treated like packages.
          ********************************************************************************

  !!
    check.warn(importable)
  /root/.virtualenvs/lmy_triton_dis/lib/python3.10/site-packages/setuptools/command/build_py.py:212: _Warning: Package 'triton/backends/nvidia.include.Openacc' is absent from the `packages` configuration.
  !!

          ********************************************************************************
          ############################
          # Package would be ignored #
          ############################
          Python recognizes 'triton/backends/nvidia.include.Openacc' as an importable package[^1],
          but it is absent from setuptools' `packages` configuration.

          This leads to an ambiguous overall configuration. If you want to distribute this
          package, please make sure that 'triton/backends/nvidia.include.Openacc' is explicitly added
          to the `packages` configuration field.

          Alternatively, you can also rely on setuptools' discovery methods
          (for example by using `find_namespace_packages(...)`/`find_namespace:`
          instead of `find_packages(...)`/`find:`).

          You can read more about "package discovery" on setuptools documentation page:

          - https://setuptools.pypa.io/en/latest/userguide/package_discovery.html

          If you don't want 'triton/backends/nvidia.include.Openacc' to be distributed and are
          already explicitly excluding 'triton/backends/nvidia.include.Openacc' via
          `find_namespace_packages(...)/find_namespace` or `find_packages(...)/find`,
          you can try to use `exclude_package_data`, or `include-package-data=False` in
          combination with a more fine grained `package-data` configuration.

          You can read more about "package data files" on setuptools documentation page:

          - https://setuptools.pypa.io/en/latest/userguide/datafiles.html


          [^1]: For Python, any directory (with suitable naming) can be imported,
                even if it does not contain any `.py` files.
                On the other hand, currently there is no concept of package data
                directory, all directories are treated like packages.
          ********************************************************************************

  !!
    check.warn(importable)
  /root/.virtualenvs/lmy_triton_dis/lib/python3.10/site-packages/setuptools/command/build_py.py:212: _Warning: Package 'triton/backends/nvidia.include.Openmp' is absent from the `packages` configuration.
  !!

          ********************************************************************************
          ############################
          # Package would be ignored #
          ############################
          Python recognizes 'triton/backends/nvidia.include.Openmp' as an importable package[^1],
          but it is absent from setuptools' `packages` configuration.

          This leads to an ambiguous overall configuration. If you want to distribute this
          package, please make sure that 'triton/backends/nvidia.include.Openmp' is explicitly added
          to the `packages` configuration field.

          Alternatively, you can also rely on setuptools' discovery methods
          (for example by using `find_namespace_packages(...)`/`find_namespace:`
          instead of `find_packages(...)`/`find:`).

          You can read more about "package discovery" on setuptools documentation page:

          - https://setuptools.pypa.io/en/latest/userguide/package_discovery.html

          If you don't want 'triton/backends/nvidia.include.Openmp' to be distributed and are
          already explicitly excluding 'triton/backends/nvidia.include.Openmp' via
          `find_namespace_packages(...)/find_namespace` or `find_packages(...)/find`,
          you can try to use `exclude_package_data`, or `include-package-data=False` in
          combination with a more fine grained `package-data` configuration.

          You can read more about "package data files" on setuptools documentation page:

          - https://setuptools.pypa.io/en/latest/userguide/datafiles.html


          [^1]: For Python, any directory (with suitable naming) can be imported,
                even if it does not contain any `.py` files.
                On the other hand, currently there is no concept of package data
                directory, all directories are treated like packages.
          ********************************************************************************

  !!
    check.warn(importable)
  /root/.virtualenvs/lmy_triton_dis/lib/python3.10/site-packages/setuptools/command/build_py.py:212: _Warning: Package 'triton/backends/nvidia.include.cooperative_groups' is absent from the `packages` configuration.
  !!

          ********************************************************************************
          ############################
          # Package would be ignored #
          ############################
          Python recognizes 'triton/backends/nvidia.include.cooperative_groups' as an importable package[^1],
          but it is absent from setuptools' `packages` configuration.

          This leads to an ambiguous overall configuration. If you want to distribute this
          package, please make sure that 'triton/backends/nvidia.include.cooperative_groups' is explicitly added
          to the `packages` configuration field.

          Alternatively, you can also rely on setuptools' discovery methods
          (for example by using `find_namespace_packages(...)`/`find_namespace:`
          instead of `find_packages(...)`/`find:`).

          You can read more about "package discovery" on setuptools documentation page:

          - https://setuptools.pypa.io/en/latest/userguide/package_discovery.html

          If you don't want 'triton/backends/nvidia.include.cooperative_groups' to be distributed and are
          already explicitly excluding 'triton/backends/nvidia.include.cooperative_groups' via
          `find_namespace_packages(...)/find_namespace` or `find_packages(...)/find`,
          you can try to use `exclude_package_data`, or `include-package-data=False` in
          combination with a more fine grained `package-data` configuration.

          You can read more about "package data files" on setuptools documentation page:

          - https://setuptools.pypa.io/en/latest/userguide/datafiles.html


          [^1]: For Python, any directory (with suitable naming) can be imported,
                even if it does not contain any `.py` files.
                On the other hand, currently there is no concept of package data
                directory, all directories are treated like packages.
          ********************************************************************************

  !!
    check.warn(importable)
  /root/.virtualenvs/lmy_triton_dis/lib/python3.10/site-packages/setuptools/command/build_py.py:212: _Warning: Package 'triton/backends/nvidia.include.cooperative_groups.details' is absent from the `packages` configuration.
  !!

          ********************************************************************************
          ############################
          # Package would be ignored #
          ############################
          Python recognizes 'triton/backends/nvidia.include.cooperative_groups.details' as an importable package[^1],
          but it is absent from setuptools' `packages` configuration.

          This leads to an ambiguous overall configuration. If you want to distribute this
          package, please make sure that 'triton/backends/nvidia.include.cooperative_groups.details' is explicitly added
          to the `packages` configuration field.

          Alternatively, you can also rely on setuptools' discovery methods
          (for example by using `find_namespace_packages(...)`/`find_namespace:`
          instead of `find_packages(...)`/`find:`).

          You can read more about "package discovery" on setuptools documentation page:

          - https://setuptools.pypa.io/en/latest/userguide/package_discovery.html

          If you don't want 'triton/backends/nvidia.include.cooperative_groups.details' to be distributed and are
          already explicitly excluding 'triton/backends/nvidia.include.cooperative_groups.details' via
          `find_namespace_packages(...)/find_namespace` or `find_packages(...)/find`,
          you can try to use `exclude_package_data`, or `include-package-data=False` in
          combination with a more fine grained `package-data` configuration.

          You can read more about "package data files" on setuptools documentation page:

          - https://setuptools.pypa.io/en/latest/userguide/datafiles.html


          [^1]: For Python, any directory (with suitable naming) can be imported,
                even if it does not contain any `.py` files.
                On the other hand, currently there is no concept of package data
                directory, all directories are treated like packages.
          ********************************************************************************

  !!
    check.warn(importable)
  /root/.virtualenvs/lmy_triton_dis/lib/python3.10/site-packages/setuptools/command/build_py.py:212: _Warning: Package 'triton/backends/nvidia.include.crt' is absent from the `packages` configuration.
  !!

          ********************************************************************************
          ############################
          # Package would be ignored #
          ############################
          Python recognizes 'triton/backends/nvidia.include.crt' as an importable package[^1],
          but it is absent from setuptools' `packages` configuration.

          This leads to an ambiguous overall configuration. If you want to distribute this
          package, please make sure that 'triton/backends/nvidia.include.crt' is explicitly added
          to the `packages` configuration field.

          Alternatively, you can also rely on setuptools' discovery methods
          (for example by using `find_namespace_packages(...)`/`find_namespace:`
          instead of `find_packages(...)`/`find:`).

          You can read more about "package discovery" on setuptools documentation page:

          - https://setuptools.pypa.io/en/latest/userguide/package_discovery.html

          If you don't want 'triton/backends/nvidia.include.crt' to be distributed and are
          already explicitly excluding 'triton/backends/nvidia.include.crt' via
          `find_namespace_packages(...)/find_namespace` or `find_packages(...)/find`,
          you can try to use `exclude_package_data`, or `include-package-data=False` in
          combination with a more fine grained `package-data` configuration.

          You can read more about "package data files" on setuptools documentation page:

          - https://setuptools.pypa.io/en/latest/userguide/datafiles.html


          [^1]: For Python, any directory (with suitable naming) can be imported,
                even if it does not contain any `.py` files.
                On the other hand, currently there is no concept of package data
                directory, all directories are treated like packages.
          ********************************************************************************

  !!
    check.warn(importable)
  /root/.virtualenvs/lmy_triton_dis/lib/python3.10/site-packages/setuptools/command/build_py.py:212: _Warning: Package 'triton/backends/nvidia.lib' is absent from the `packages` configuration.
  !!

          ********************************************************************************
          ############################
          # Package would be ignored #
          ############################
          Python recognizes 'triton/backends/nvidia.lib' as an importable package[^1],
          but it is absent from setuptools' `packages` configuration.

          This leads to an ambiguous overall configuration. If you want to distribute this
          package, please make sure that 'triton/backends/nvidia.lib' is explicitly added
          to the `packages` configuration field.

          Alternatively, you can also rely on setuptools' discovery methods
          (for example by using `find_namespace_packages(...)`/`find_namespace:`
          instead of `find_packages(...)`/`find:`).

          You can read more about "package discovery" on setuptools documentation page:

          - https://setuptools.pypa.io/en/latest/userguide/package_discovery.html

          If you don't want 'triton/backends/nvidia.lib' to be distributed and are
          already explicitly excluding 'triton/backends/nvidia.lib' via
          `find_namespace_packages(...)/find_namespace` or `find_packages(...)/find`,
          you can try to use `exclude_package_data`, or `include-package-data=False` in
          combination with a more fine grained `package-data` configuration.

          You can read more about "package data files" on setuptools documentation page:

          - https://setuptools.pypa.io/en/latest/userguide/datafiles.html


          [^1]: For Python, any directory (with suitable naming) can be imported,
                even if it does not contain any `.py` files.
                On the other hand, currently there is no concept of package data
                directory, all directories are treated like packages.
          ********************************************************************************

  !!
    check.warn(importable)
  /root/.virtualenvs/lmy_triton_dis/lib/python3.10/site-packages/setuptools/command/build_py.py:212: _Warning: Package 'triton/backends/nvidia.lib.cupti' is absent from the `packages` configuration.
  !!

          ********************************************************************************
          ############################
          # Package would be ignored #
          ############################
          Python recognizes 'triton/backends/nvidia.lib.cupti' as an importable package[^1],
          but it is absent from setuptools' `packages` configuration.

          This leads to an ambiguous overall configuration. If you want to distribute this
          package, please make sure that 'triton/backends/nvidia.lib.cupti' is explicitly added
          to the `packages` configuration field.

          Alternatively, you can also rely on setuptools' discovery methods
          (for example by using `find_namespace_packages(...)`/`find_namespace:`
          instead of `find_packages(...)`/`find:`).

          You can read more about "package discovery" on setuptools documentation page:

          - https://setuptools.pypa.io/en/latest/userguide/package_discovery.html

          If you don't want 'triton/backends/nvidia.lib.cupti' to be distributed and are
          already explicitly excluding 'triton/backends/nvidia.lib.cupti' via
          `find_namespace_packages(...)/find_namespace` or `find_packages(...)/find`,
          you can try to use `exclude_package_data`, or `include-package-data=False` in
          combination with a more fine grained `package-data` configuration.

          You can read more about "package data files" on setuptools documentation page:

          - https://setuptools.pypa.io/en/latest/userguide/datafiles.html


          [^1]: For Python, any directory (with suitable naming) can be imported,
                even if it does not contain any `.py` files.
                On the other hand, currently there is no concept of package data
                directory, all directories are treated like packages.
          ********************************************************************************

  !!
    check.warn(importable)
  Editable install will be performed using a meta path finder.

  Options like `package-data`, `include/exclude-package-data` or
  `packages.find.exclude/include` may have no effect.

  adding '__editable___triton_dist_3_4_0_finder.py'
  adding '__editable__.triton_dist-3.4.0.pth'
  creating '/tmp/pip-wheel-a1sfddfv/.tmp-xs4bzurx/triton_dist-3.4.0-0.editable-cp310-cp310-linux_x86_64.whl' and adding '/tmp/tmpk1jerdfdtriton_dist-3.4.0-0.editable-cp310-cp310-linux_x86_64.whl' to it
  adding 'triton_dist-3.4.0.dist-info/METADATA'
  adding 'triton_dist-3.4.0.dist-info/WHEEL'
  adding 'triton_dist-3.4.0.dist-info/entry_points.txt'
  adding 'triton_dist-3.4.0.dist-info/top_level.txt'
  adding 'triton_dist-3.4.0.dist-info/RECORD'
  /root/.virtualenvs/lmy_triton_dis/lib/python3.10/site-packages/setuptools/command/editable_wheel.py:351: InformationOnly: Editable installation.
  !!

          ********************************************************************************
          Please be careful with folders in your working directory with the same
          name as your package as they may take precedence during imports.
          ********************************************************************************

  !!
    with strategy, WheelFile(wheel_path, "w") as wheel_obj:
  Building editable for triton_dist (pyproject.toml): finished with status 'done'
  Created wheel for triton_dist: filename=triton_dist-3.4.0-0.editable-cp310-cp310-linux_x86_64.whl size=4390 sha256=c991ec4a32ec9ead0b9727d2d3a52873bed3377aead6cea793971bf9e753e65a
  Stored in directory: /tmp/pip-ephem-wheel-cache-zz_h12ff/wheels/b6/5c/6c/6f3ed6147a42f145e853e5c5b16caf556035c2d18612ea3555
Successfully built triton_dist
Installing collected packages: triton_dist
  changing mode of /root/.virtualenvs/lmy_triton_dis/bin/proton to 755
  changing mode of /root/.virtualenvs/lmy_triton_dis/bin/proton-viewer to 755
Successfully installed triton_dist-3.4.0
